{"level":"info","message":"ðŸš€ Server running on port 3001","service":"telegram-ecommerce-backend","timestamp":"2025-09-22T13:57:16.303Z"}
{"level":"info","message":"ðŸ“Š Admin panel: http://localhost:3000","service":"telegram-ecommerce-backend","timestamp":"2025-09-22T13:57:16.308Z"}
{"level":"info","message":"ðŸ”§ API: http://localhost:3001/api","service":"telegram-ecommerce-backend","timestamp":"2025-09-22T13:57:16.308Z"}
{"level":"info","message":"SIGINT received, shutting down gracefully","service":"telegram-ecommerce-backend","timestamp":"2025-09-22T13:58:01.329Z"}
{"level":"info","message":"ðŸš€ Server running on port 3001","service":"telegram-ecommerce-backend","timestamp":"2025-09-22T14:05:48.615Z"}
{"level":"info","message":"ðŸ“Š Admin panel: http://localhost:3000","service":"telegram-ecommerce-backend","timestamp":"2025-09-22T14:05:48.620Z"}
{"level":"info","message":"ðŸ”§ API: http://localhost:3001/api","service":"telegram-ecommerce-backend","timestamp":"2025-09-22T14:05:48.620Z"}
{"level":"error","message":{"error":{"message":"Valid Telegram ID required","stack":"Error: Valid Telegram ID required\n    at validate (D:\\projects\\botrt\\backend\\src\\middleware\\validation.ts:10:11)\n    at Layer.handle [as handle_request] (D:\\projects\\botrt\\backend\\node_modules\\express\\lib\\router\\layer.js:95:5)\n    at next (D:\\projects\\botrt\\backend\\node_modules\\express\\lib\\router\\route.js:149:13)\n    at middleware (D:\\projects\\botrt\\backend\\node_modules\\express-validator\\lib\\middlewares\\check.js:16:13)\n    at processTicksAndRejections (node:internal/process/task_queues:105:5)","statusCode":400},"request":{"body":{"test":"data"},"headers":{"accept-encoding":"gzip, deflate, br","content-length":"15","content-type":"application/json","host":"localhost:3001","user-agent":"Mozilla/5.0 (Windows NT 10.0; Microsoft Windows 10.0.26100; ru-RU) PowerShell/7.5.3"},"method":"POST","url":"/api/auth/telegram"}},"service":"telegram-ecommerce-backend","timestamp":"2025-09-22T14:06:57.903Z"}
{"level":"info","message":"ðŸš€ Server running on port 3001","service":"telegram-ecommerce-backend","timestamp":"2025-09-22T14:08:32.785Z"}
{"level":"info","message":"ðŸ“Š Admin panel: http://localhost:3000","service":"telegram-ecommerce-backend","timestamp":"2025-09-22T14:08:32.789Z"}
{"level":"info","message":"ðŸ”§ API: http://localhost:3001/api","service":"telegram-ecommerce-backend","timestamp":"2025-09-22T14:08:32.789Z"}
{"level":"info","message":"ðŸš€ Server running on port 3001","service":"telegram-ecommerce-backend","timestamp":"2025-09-22T14:09:23.830Z"}
{"level":"info","message":"ðŸ“Š Admin panel: http://localhost:3000","service":"telegram-ecommerce-backend","timestamp":"2025-09-22T14:09:23.834Z"}
{"level":"info","message":"ðŸ”§ API: http://localhost:3001/api","service":"telegram-ecommerce-backend","timestamp":"2025-09-22T14:09:23.835Z"}
{"level":"info","message":"ðŸš€ Server running on port 3001","service":"telegram-ecommerce-backend","timestamp":"2025-09-22T14:09:31.521Z"}
{"level":"info","message":"ðŸ“Š Admin panel: http://localhost:3000","service":"telegram-ecommerce-backend","timestamp":"2025-09-22T14:09:31.527Z"}
{"level":"info","message":"ðŸ”§ API: http://localhost:3001/api","service":"telegram-ecommerce-backend","timestamp":"2025-09-22T14:09:31.527Z"}
{"level":"info","message":"ðŸš€ Server running on port 3001","service":"telegram-ecommerce-backend","timestamp":"2025-09-22T14:09:41.088Z"}
{"level":"info","message":"ðŸ“Š Admin panel: http://localhost:3000","service":"telegram-ecommerce-backend","timestamp":"2025-09-22T14:09:41.092Z"}
{"level":"info","message":"ðŸ”§ API: http://localhost:3001/api","service":"telegram-ecommerce-backend","timestamp":"2025-09-22T14:09:41.092Z"}
{"level":"info","message":"ðŸš€ Server running on port 3001","service":"telegram-ecommerce-backend","timestamp":"2025-09-22T14:27:45.936Z"}
{"level":"info","message":"ðŸ“Š Admin panel: http://localhost:3000","service":"telegram-ecommerce-backend","timestamp":"2025-09-22T14:27:45.942Z"}
{"level":"info","message":"ðŸ”§ API: http://localhost:3001/api","service":"telegram-ecommerce-backend","timestamp":"2025-09-22T14:27:45.943Z"}
{"level":"info","message":"ðŸš€ Server running on port 3001","service":"telegram-ecommerce-backend","timestamp":"2025-09-22T14:27:51.178Z"}
{"level":"info","message":"ðŸ“Š Admin panel: http://localhost:3000","service":"telegram-ecommerce-backend","timestamp":"2025-09-22T14:27:51.186Z"}
{"level":"info","message":"ðŸ”§ API: http://localhost:3001/api","service":"telegram-ecommerce-backend","timestamp":"2025-09-22T14:27:51.186Z"}
{"level":"info","message":"ðŸš€ Server running on port 3001","service":"telegram-ecommerce-backend","timestamp":"2025-09-22T14:33:46.994Z"}
{"level":"info","message":"ðŸ“Š Admin panel: http://localhost:3000","service":"telegram-ecommerce-backend","timestamp":"2025-09-22T14:33:46.999Z"}
{"level":"info","message":"ðŸ”§ API: http://localhost:3001/api","service":"telegram-ecommerce-backend","timestamp":"2025-09-22T14:33:47.000Z"}
{"level":"info","message":"ðŸš€ Server running on port 3001","service":"telegram-ecommerce-backend","timestamp":"2025-09-22T14:34:15.125Z"}
{"level":"info","message":"ðŸ“Š Admin panel: http://localhost:3000","service":"telegram-ecommerce-backend","timestamp":"2025-09-22T14:34:15.129Z"}
{"level":"info","message":"ðŸ”§ API: http://localhost:3001/api","service":"telegram-ecommerce-backend","timestamp":"2025-09-22T14:34:15.129Z"}
{"level":"info","message":"ðŸš€ Server running on port 3001","service":"telegram-ecommerce-backend","timestamp":"2025-09-22T14:34:21.217Z"}
{"level":"info","message":"ðŸ“Š Admin panel: http://localhost:3000","service":"telegram-ecommerce-backend","timestamp":"2025-09-22T14:34:21.221Z"}
{"level":"info","message":"ðŸ”§ API: http://localhost:3001/api","service":"telegram-ecommerce-backend","timestamp":"2025-09-22T14:34:21.222Z"}
{"level":"error","message":"Failed to setup AdminJS: setupAdminJS is not defined","service":"telegram-ecommerce-backend","stack":"ReferenceError: setupAdminJS is not defined\n    at D:\\projects\\botrt\\backend\\src\\index.ts:66:7\n    at Object.<anonymous> (D:\\projects\\botrt\\backend\\src\\index.ts:72:5)\n    at Module._compile (node:internal/modules/cjs/loader:1730:14)\n    at Module.m._compile (D:\\projects\\botrt\\backend\\node_modules\\ts-node\\src\\index.ts:1618:23)\n    at node:internal/modules/cjs/loader:1895:10\n    at Object.require.extensions.<computed> [as .ts] (D:\\projects\\botrt\\backend\\node_modules\\ts-node\\src\\index.ts:1621:12)\n    at Module.load (node:internal/modules/cjs/loader:1465:32)\n    at Function._load (node:internal/modules/cjs/loader:1282:12)\n    at TracingChannel.traceSync (node:diagnostics_channel:322:14)\n    at wrapModuleLoad (node:internal/modules/cjs/loader:235:24)","timestamp":"2025-09-22T16:12:44.012Z"}
{"level":"info","message":"ðŸš€ Server running on port 3001","service":"telegram-ecommerce-backend","timestamp":"2025-09-22T16:12:44.019Z"}
{"level":"info","message":"ðŸ“Š Admin panel: http://localhost:3000","service":"telegram-ecommerce-backend","timestamp":"2025-09-22T16:12:44.020Z"}
{"level":"info","message":"ðŸ”§ API: http://localhost:3001/api","service":"telegram-ecommerce-backend","timestamp":"2025-09-22T16:12:44.020Z"}
{"level":"info","message":"ðŸš€ Server running on port 3001","service":"telegram-ecommerce-backend","timestamp":"2025-09-22T16:12:51.066Z"}
{"level":"info","message":"ðŸ“Š Admin panel: http://localhost:3000","service":"telegram-ecommerce-backend","timestamp":"2025-09-22T16:12:51.070Z"}
{"level":"info","message":"ðŸ”§ API: http://localhost:3001/api","service":"telegram-ecommerce-backend","timestamp":"2025-09-22T16:12:51.070Z"}
{"code":"ERR_UNSUPPORTED_DIR_IMPORT","level":"error","message":"Failed to setup AdminJS: Directory import 'D:\\projects\\botrt\\backend\\src\\admin' is not supported resolving ES modules imported from D:\\projects\\botrt\\backend\\src\\index.ts","service":"telegram-ecommerce-backend","stack":"Error: Directory import 'D:\\projects\\botrt\\backend\\src\\admin' is not supported resolving ES modules imported from D:\\projects\\botrt\\backend\\src\\index.ts\n    at finalizeResolution (node:internal/modules/esm/resolve:263:11)\n    at moduleResolve (node:internal/modules/esm/resolve:860:10)\n    at defaultResolve (node:internal/modules/esm/resolve:984:11)\n    at ModuleLoader.defaultResolve (node:internal/modules/esm/loader:780:12)\n    at ModuleLoader.#cachedDefaultResolve (node:internal/modules/esm/loader:704:25)\n    at ModuleLoader.resolve (node:internal/modules/esm/loader:687:38)\n    at ModuleLoader.getModuleJobForImport (node:internal/modules/esm/loader:305:38)\n    at onImport.tracePromise.__proto__ (node:internal/modules/esm/loader:643:36)\n    at TracingChannel.tracePromise (node:diagnostics_channel:344:14)\n    at ModuleLoader.import (node:internal/modules/esm/loader:642:21)","timestamp":"2025-09-22T16:12:51.074Z","url":"file:///D:/projects/botrt/backend/src/admin"}
{"level":"info","message":"ðŸš€ Server running on port 3001","service":"telegram-ecommerce-backend","timestamp":"2025-09-22T16:13:44.698Z"}
{"level":"info","message":"ðŸ“Š Admin panel: http://localhost:3000","service":"telegram-ecommerce-backend","timestamp":"2025-09-22T16:13:44.702Z"}
{"level":"info","message":"ðŸ”§ API: http://localhost:3001/api","service":"telegram-ecommerce-backend","timestamp":"2025-09-22T16:13:44.702Z"}
{"code":"ERR_PACKAGE_PATH_NOT_EXPORTED","level":"error","message":"Failed to setup AdminJS: Package subpath './styled-components' is not defined by \"exports\" in D:\\projects\\botrt\\backend\\node_modules\\@adminjs\\design-system\\package.json","service":"telegram-ecommerce-backend","stack":"Error [ERR_PACKAGE_PATH_NOT_EXPORTED]: Package subpath './styled-components' is not defined by \"exports\" in D:\\projects\\botrt\\backend\\node_modules\\@adminjs\\design-system\\package.json\n    at exportsNotFound (node:internal/modules/esm/resolve:314:10)\n    at packageExportsResolve (node:internal/modules/esm/resolve:604:13)\n    at resolveExports (node:internal/modules/cjs/loader:657:36)\n    at Function._findPath (node:internal/modules/cjs/loader:749:31)\n    at node:internal/modules/cjs/loader:1387:27\n    at nextResolveSimple (D:\\projects\\botrt\\backend\\node_modules\\tsx\\dist\\register-D46fvsV_.cjs:4:1004)\n    at D:\\projects\\botrt\\backend\\node_modules\\tsx\\dist\\register-D46fvsV_.cjs:3:2630\n    at D:\\projects\\botrt\\backend\\node_modules\\tsx\\dist\\register-D46fvsV_.cjs:3:1542\n    at resolveTsPaths (D:\\projects\\botrt\\backend\\node_modules\\tsx\\dist\\register-D46fvsV_.cjs:4:760)\n    at D:\\projects\\botrt\\backend\\node_modules\\tsx\\dist\\register-D46fvsV_.cjs:4:1102","timestamp":"2025-09-22T16:13:48.825Z"}
{"level":"info","message":"ðŸš€ Server running on port 3001","service":"telegram-ecommerce-backend","timestamp":"2025-09-22T16:27:23.565Z"}
{"level":"info","message":"ðŸ“Š Admin panel: http://localhost:3000","service":"telegram-ecommerce-backend","timestamp":"2025-09-22T16:27:23.569Z"}
{"level":"info","message":"ðŸ”§ API: http://localhost:3001/api","service":"telegram-ecommerce-backend","timestamp":"2025-09-22T16:27:23.569Z"}
{"code":"ERR_PACKAGE_PATH_NOT_EXPORTED","level":"error","message":"Failed to setup AdminJS: Package subpath './styled-components' is not defined by \"exports\" in D:\\projects\\botrt\\backend\\node_modules\\@adminjs\\design-system\\package.json","service":"telegram-ecommerce-backend","stack":"Error [ERR_PACKAGE_PATH_NOT_EXPORTED]: Package subpath './styled-components' is not defined by \"exports\" in D:\\projects\\botrt\\backend\\node_modules\\@adminjs\\design-system\\package.json\n    at exportsNotFound (node:internal/modules/esm/resolve:314:10)\n    at packageExportsResolve (node:internal/modules/esm/resolve:604:13)\n    at resolveExports (node:internal/modules/cjs/loader:657:36)\n    at Function._findPath (node:internal/modules/cjs/loader:749:31)\n    at node:internal/modules/cjs/loader:1387:27\n    at nextResolveSimple (D:\\projects\\botrt\\backend\\node_modules\\tsx\\dist\\register-D46fvsV_.cjs:4:1004)\n    at D:\\projects\\botrt\\backend\\node_modules\\tsx\\dist\\register-D46fvsV_.cjs:3:2630\n    at D:\\projects\\botrt\\backend\\node_modules\\tsx\\dist\\register-D46fvsV_.cjs:3:1542\n    at resolveTsPaths (D:\\projects\\botrt\\backend\\node_modules\\tsx\\dist\\register-D46fvsV_.cjs:4:760)\n    at D:\\projects\\botrt\\backend\\node_modules\\tsx\\dist\\register-D46fvsV_.cjs:4:1102","timestamp":"2025-09-22T16:27:26.813Z"}
{"level":"info","message":"ðŸš€ Server running on port 3001","service":"telegram-ecommerce-backend","timestamp":"2025-09-22T16:27:41.460Z"}
{"level":"info","message":"ðŸ“Š Admin panel: http://localhost:3000","service":"telegram-ecommerce-backend","timestamp":"2025-09-22T16:27:41.464Z"}
{"level":"info","message":"ðŸ”§ API: http://localhost:3001/api","service":"telegram-ecommerce-backend","timestamp":"2025-09-22T16:27:41.464Z"}
{"code":"ERR_PACKAGE_PATH_NOT_EXPORTED","level":"error","message":"Failed to setup AdminJS: Package subpath './styled-components' is not defined by \"exports\" in D:\\projects\\botrt\\backend\\node_modules\\@adminjs\\design-system\\package.json","service":"telegram-ecommerce-backend","stack":"Error [ERR_PACKAGE_PATH_NOT_EXPORTED]: Package subpath './styled-components' is not defined by \"exports\" in D:\\projects\\botrt\\backend\\node_modules\\@adminjs\\design-system\\package.json\n    at exportsNotFound (node:internal/modules/esm/resolve:314:10)\n    at packageExportsResolve (node:internal/modules/esm/resolve:604:13)\n    at resolveExports (node:internal/modules/cjs/loader:657:36)\n    at Function._findPath (node:internal/modules/cjs/loader:749:31)\n    at node:internal/modules/cjs/loader:1387:27\n    at nextResolveSimple (D:\\projects\\botrt\\backend\\node_modules\\tsx\\dist\\register-D46fvsV_.cjs:4:1004)\n    at D:\\projects\\botrt\\backend\\node_modules\\tsx\\dist\\register-D46fvsV_.cjs:3:2630\n    at D:\\projects\\botrt\\backend\\node_modules\\tsx\\dist\\register-D46fvsV_.cjs:3:1542\n    at resolveTsPaths (D:\\projects\\botrt\\backend\\node_modules\\tsx\\dist\\register-D46fvsV_.cjs:4:760)\n    at D:\\projects\\botrt\\backend\\node_modules\\tsx\\dist\\register-D46fvsV_.cjs:4:1102","timestamp":"2025-09-22T16:27:44.735Z"}
{"level":"info","message":"ðŸš€ Server running on port 3001","service":"telegram-ecommerce-backend","timestamp":"2025-09-22T16:29:50.334Z"}
{"level":"info","message":"ðŸ“Š Admin panel: http://localhost:3000","service":"telegram-ecommerce-backend","timestamp":"2025-09-22T16:29:50.338Z"}
{"level":"info","message":"ðŸ”§ API: http://localhost:3001/api","service":"telegram-ecommerce-backend","timestamp":"2025-09-22T16:29:50.338Z"}
{"code":"ERR_PACKAGE_PATH_NOT_EXPORTED","level":"error","message":"Failed to setup AdminJS: Package subpath './styled-components' is not defined by \"exports\" in D:\\projects\\botrt\\backend\\node_modules\\@adminjs\\design-system\\package.json","service":"telegram-ecommerce-backend","stack":"Error [ERR_PACKAGE_PATH_NOT_EXPORTED]: Package subpath './styled-components' is not defined by \"exports\" in D:\\projects\\botrt\\backend\\node_modules\\@adminjs\\design-system\\package.json\n    at exportsNotFound (node:internal/modules/esm/resolve:314:10)\n    at packageExportsResolve (node:internal/modules/esm/resolve:604:13)\n    at resolveExports (node:internal/modules/cjs/loader:657:36)\n    at Function._findPath (node:internal/modules/cjs/loader:749:31)\n    at node:internal/modules/cjs/loader:1387:27\n    at nextResolveSimple (D:\\projects\\botrt\\backend\\node_modules\\tsx\\dist\\register-D46fvsV_.cjs:4:1004)\n    at D:\\projects\\botrt\\backend\\node_modules\\tsx\\dist\\register-D46fvsV_.cjs:3:2630\n    at D:\\projects\\botrt\\backend\\node_modules\\tsx\\dist\\register-D46fvsV_.cjs:3:1542\n    at resolveTsPaths (D:\\projects\\botrt\\backend\\node_modules\\tsx\\dist\\register-D46fvsV_.cjs:4:760)\n    at D:\\projects\\botrt\\backend\\node_modules\\tsx\\dist\\register-D46fvsV_.cjs:4:1102","timestamp":"2025-09-22T16:29:53.548Z"}
{"level":"warn","message":"AdminJS disabled via ENABLE_ADMINJS=false","service":"telegram-ecommerce-backend","timestamp":"2025-09-22T16:48:57.970Z"}
{"level":"info","message":"ðŸš€ Server running on port 3001","service":"telegram-ecommerce-backend","timestamp":"2025-09-22T16:48:57.988Z"}
{"level":"info","message":"ðŸ“Š Admin panel: http://localhost:3000","service":"telegram-ecommerce-backend","timestamp":"2025-09-22T16:48:57.989Z"}
{"level":"info","message":"ðŸ”§ API: http://localhost:3001/api","service":"telegram-ecommerce-backend","timestamp":"2025-09-22T16:48:57.989Z"}
{"level":"info","message":"ðŸš€ Server running on port 3001","service":"telegram-ecommerce-backend","timestamp":"2025-09-22T16:49:55.366Z"}
{"level":"info","message":"ðŸ“Š Admin panel: http://localhost:3000","service":"telegram-ecommerce-backend","timestamp":"2025-09-22T16:49:55.370Z"}
{"level":"info","message":"ðŸ”§ API: http://localhost:3001/api","service":"telegram-ecommerce-backend","timestamp":"2025-09-22T16:49:55.370Z"}
{"code":"ERR_PACKAGE_PATH_NOT_EXPORTED","level":"error","message":"Failed to setup AdminJS: Package subpath './styled-components' is not defined by \"exports\" in D:\\projects\\botrt\\backend\\node_modules\\@adminjs\\design-system\\package.json","service":"telegram-ecommerce-backend","stack":"Error [ERR_PACKAGE_PATH_NOT_EXPORTED]: Package subpath './styled-components' is not defined by \"exports\" in D:\\projects\\botrt\\backend\\node_modules\\@adminjs\\design-system\\package.json\n    at exportsNotFound (node:internal/modules/esm/resolve:314:10)\n    at packageExportsResolve (node:internal/modules/esm/resolve:604:13)\n    at resolveExports (node:internal/modules/cjs/loader:657:36)\n    at Function._findPath (node:internal/modules/cjs/loader:749:31)\n    at node:internal/modules/cjs/loader:1387:27\n    at nextResolveSimple (D:\\projects\\botrt\\backend\\node_modules\\tsx\\dist\\register-D46fvsV_.cjs:4:1004)\n    at D:\\projects\\botrt\\backend\\node_modules\\tsx\\dist\\register-D46fvsV_.cjs:3:2630\n    at D:\\projects\\botrt\\backend\\node_modules\\tsx\\dist\\register-D46fvsV_.cjs:3:1542\n    at resolveTsPaths (D:\\projects\\botrt\\backend\\node_modules\\tsx\\dist\\register-D46fvsV_.cjs:4:760)\n    at D:\\projects\\botrt\\backend\\node_modules\\tsx\\dist\\register-D46fvsV_.cjs:4:1102","timestamp":"2025-09-22T16:49:58.849Z"}
{"level":"info","message":"ðŸš€ Server running on port 3001","service":"telegram-ecommerce-backend","timestamp":"2025-09-22T16:50:19.312Z"}
{"level":"info","message":"ðŸ“Š Admin panel: http://localhost:3000","service":"telegram-ecommerce-backend","timestamp":"2025-09-22T16:50:19.316Z"}
{"level":"info","message":"ðŸ”§ API: http://localhost:3001/api","service":"telegram-ecommerce-backend","timestamp":"2025-09-22T16:50:19.316Z"}
{"code":"ERR_PACKAGE_PATH_NOT_EXPORTED","level":"error","message":"Failed to setup AdminJS: Package subpath './styled-components' is not defined by \"exports\" in D:\\projects\\botrt\\backend\\node_modules\\@adminjs\\design-system\\package.json","service":"telegram-ecommerce-backend","stack":"Error [ERR_PACKAGE_PATH_NOT_EXPORTED]: Package subpath './styled-components' is not defined by \"exports\" in D:\\projects\\botrt\\backend\\node_modules\\@adminjs\\design-system\\package.json\n    at exportsNotFound (node:internal/modules/esm/resolve:314:10)\n    at packageExportsResolve (node:internal/modules/esm/resolve:604:13)\n    at resolveExports (node:internal/modules/cjs/loader:657:36)\n    at Function._findPath (node:internal/modules/cjs/loader:749:31)\n    at node:internal/modules/cjs/loader:1387:27\n    at nextResolveSimple (D:\\projects\\botrt\\backend\\node_modules\\tsx\\dist\\register-D46fvsV_.cjs:4:1004)\n    at D:\\projects\\botrt\\backend\\node_modules\\tsx\\dist\\register-D46fvsV_.cjs:3:2630\n    at D:\\projects\\botrt\\backend\\node_modules\\tsx\\dist\\register-D46fvsV_.cjs:3:1542\n    at resolveTsPaths (D:\\projects\\botrt\\backend\\node_modules\\tsx\\dist\\register-D46fvsV_.cjs:4:760)\n    at D:\\projects\\botrt\\backend\\node_modules\\tsx\\dist\\register-D46fvsV_.cjs:4:1102","timestamp":"2025-09-22T16:50:22.756Z"}
{"level":"info","message":"ðŸš€ Server running on port 3001","service":"telegram-ecommerce-backend","timestamp":"2025-09-22T16:51:04.176Z"}
{"level":"info","message":"ðŸ“Š Admin panel: http://localhost:3000","service":"telegram-ecommerce-backend","timestamp":"2025-09-22T16:51:04.180Z"}
{"level":"info","message":"ðŸ”§ API: http://localhost:3001/api","service":"telegram-ecommerce-backend","timestamp":"2025-09-22T16:51:04.180Z"}
{"code":"ERR_PACKAGE_PATH_NOT_EXPORTED","level":"error","message":"Failed to setup AdminJS: Package subpath './styled-components' is not defined by \"exports\" in D:\\projects\\botrt\\backend\\node_modules\\@adminjs\\design-system\\package.json","service":"telegram-ecommerce-backend","stack":"Error [ERR_PACKAGE_PATH_NOT_EXPORTED]: Package subpath './styled-components' is not defined by \"exports\" in D:\\projects\\botrt\\backend\\node_modules\\@adminjs\\design-system\\package.json\n    at exportsNotFound (node:internal/modules/esm/resolve:314:10)\n    at packageExportsResolve (node:internal/modules/esm/resolve:604:13)\n    at resolveExports (node:internal/modules/cjs/loader:657:36)\n    at Function._findPath (node:internal/modules/cjs/loader:749:31)\n    at node:internal/modules/cjs/loader:1387:27\n    at nextResolveSimple (D:\\projects\\botrt\\backend\\node_modules\\tsx\\dist\\register-D46fvsV_.cjs:4:1004)\n    at D:\\projects\\botrt\\backend\\node_modules\\tsx\\dist\\register-D46fvsV_.cjs:3:2630\n    at D:\\projects\\botrt\\backend\\node_modules\\tsx\\dist\\register-D46fvsV_.cjs:3:1542\n    at resolveTsPaths (D:\\projects\\botrt\\backend\\node_modules\\tsx\\dist\\register-D46fvsV_.cjs:4:760)\n    at D:\\projects\\botrt\\backend\\node_modules\\tsx\\dist\\register-D46fvsV_.cjs:4:1102","timestamp":"2025-09-22T16:51:07.434Z"}
{"level":"info","message":"ðŸš€ Server running on port 3001","service":"telegram-ecommerce-backend","timestamp":"2025-09-22T16:51:45.552Z"}
{"level":"info","message":"ðŸ“Š Admin panel: http://localhost:3000","service":"telegram-ecommerce-backend","timestamp":"2025-09-22T16:51:45.555Z"}
{"level":"info","message":"ðŸ”§ API: http://localhost:3001/api","service":"telegram-ecommerce-backend","timestamp":"2025-09-22T16:51:45.556Z"}
{"code":"ERR_PACKAGE_PATH_NOT_EXPORTED","level":"error","message":"Failed to setup AdminJS: Package subpath './styled-components' is not defined by \"exports\" in D:\\projects\\botrt\\backend\\node_modules\\@adminjs\\design-system\\package.json","service":"telegram-ecommerce-backend","stack":"Error [ERR_PACKAGE_PATH_NOT_EXPORTED]: Package subpath './styled-components' is not defined by \"exports\" in D:\\projects\\botrt\\backend\\node_modules\\@adminjs\\design-system\\package.json\n    at exportsNotFound (node:internal/modules/esm/resolve:314:10)\n    at packageExportsResolve (node:internal/modules/esm/resolve:604:13)\n    at resolveExports (node:internal/modules/cjs/loader:657:36)\n    at Function._findPath (node:internal/modules/cjs/loader:749:31)\n    at node:internal/modules/cjs/loader:1387:27\n    at nextResolveSimple (D:\\projects\\botrt\\backend\\node_modules\\tsx\\dist\\register-D46fvsV_.cjs:4:1004)\n    at D:\\projects\\botrt\\backend\\node_modules\\tsx\\dist\\register-D46fvsV_.cjs:3:2630\n    at D:\\projects\\botrt\\backend\\node_modules\\tsx\\dist\\register-D46fvsV_.cjs:3:1542\n    at resolveTsPaths (D:\\projects\\botrt\\backend\\node_modules\\tsx\\dist\\register-D46fvsV_.cjs:4:760)\n    at D:\\projects\\botrt\\backend\\node_modules\\tsx\\dist\\register-D46fvsV_.cjs:4:1102","timestamp":"2025-09-22T16:51:48.851Z"}
{"level":"info","message":"ðŸš€ Server running on port 3002","service":"telegram-ecommerce-backend","timestamp":"2025-09-22T16:54:42.778Z"}
{"level":"info","message":"ðŸ“Š Admin panel: http://localhost:3000","service":"telegram-ecommerce-backend","timestamp":"2025-09-22T16:54:42.781Z"}
{"level":"info","message":"ðŸ”§ API: http://localhost:3002/api","service":"telegram-ecommerce-backend","timestamp":"2025-09-22T16:54:42.781Z"}
{"code":"ERR_PACKAGE_PATH_NOT_EXPORTED","level":"error","message":"Failed to setup AdminJS: No \"exports\" main defined in D:\\projects\\botrt\\backend\\node_modules\\@adminjs\\express\\package.json","service":"telegram-ecommerce-backend","stack":"Error [ERR_PACKAGE_PATH_NOT_EXPORTED]: No \"exports\" main defined in D:\\projects\\botrt\\backend\\node_modules\\@adminjs\\express\\package.json\n    at exportsNotFound (node:internal/modules/esm/resolve:314:10)\n    at packageExportsResolve (node:internal/modules/esm/resolve:604:13)\n    at resolveExports (node:internal/modules/cjs/loader:657:36)\n    at Function._findPath (node:internal/modules/cjs/loader:749:31)\n    at Function._resolveFilename (node:internal/modules/cjs/loader:1387:27)\n    at defaultResolveImpl (node:internal/modules/cjs/loader:1057:19)\n    at resolveForCJSWithHooks (node:internal/modules/cjs/loader:1062:22)\n    at Function._load (node:internal/modules/cjs/loader:1211:37)\n    at TracingChannel.traceSync (node:diagnostics_channel:322:14)\n    at wrapModuleLoad (node:internal/modules/cjs/loader:235:24)","timestamp":"2025-09-22T16:54:46.414Z"}
{"level":"info","message":"SIGINT received, shutting down gracefully","service":"telegram-ecommerce-backend","timestamp":"2025-09-22T16:55:53.660Z"}
{"level":"info","message":"ðŸš€ Server running on port 3001","service":"telegram-ecommerce-backend","timestamp":"2025-09-22T17:13:30.451Z"}
{"level":"info","message":"ðŸ“Š Admin panel: http://localhost:3000","service":"telegram-ecommerce-backend","timestamp":"2025-09-22T17:13:30.455Z"}
{"level":"info","message":"ðŸ”§ API: http://localhost:3001/api","service":"telegram-ecommerce-backend","timestamp":"2025-09-22T17:13:30.455Z"}
{"code":"ERR_PACKAGE_PATH_NOT_EXPORTED","level":"error","message":"Failed to setup AdminJS: No \"exports\" main defined in D:\\projects\\botrt\\backend\\node_modules\\@adminjs\\express\\package.json","service":"telegram-ecommerce-backend","stack":"Error [ERR_PACKAGE_PATH_NOT_EXPORTED]: No \"exports\" main defined in D:\\projects\\botrt\\backend\\node_modules\\@adminjs\\express\\package.json\n    at exportsNotFound (node:internal/modules/esm/resolve:314:10)\n    at packageExportsResolve (node:internal/modules/esm/resolve:604:13)\n    at resolveExports (node:internal/modules/cjs/loader:657:36)\n    at Function._findPath (node:internal/modules/cjs/loader:749:31)\n    at node:internal/modules/cjs/loader:1387:27\n    at nextResolveSimple (D:\\projects\\botrt\\backend\\node_modules\\tsx\\dist\\register-D46fvsV_.cjs:4:1004)\n    at D:\\projects\\botrt\\backend\\node_modules\\tsx\\dist\\register-D46fvsV_.cjs:3:2630\n    at D:\\projects\\botrt\\backend\\node_modules\\tsx\\dist\\register-D46fvsV_.cjs:3:1542\n    at resolveTsPaths (D:\\projects\\botrt\\backend\\node_modules\\tsx\\dist\\register-D46fvsV_.cjs:4:760)\n    at D:\\projects\\botrt\\backend\\node_modules\\tsx\\dist\\register-D46fvsV_.cjs:4:1102","timestamp":"2025-09-22T17:13:34.889Z"}
{"level":"error","message":{"error":{"message":"Valid Telegram ID required","stack":"Error: Valid Telegram ID required\n    at validate (D:\\projects\\botrt\\backend\\src\\middleware\\validation.ts:10:11)\n    at Layer.handle [as handle_request] (D:\\projects\\botrt\\backend\\node_modules\\express\\lib\\router\\layer.js:95:5)\n    at next (D:\\projects\\botrt\\backend\\node_modules\\express\\lib\\router\\route.js:149:13)\n    at middleware (D:\\projects\\botrt\\backend\\node_modules\\express-validator\\lib\\middlewares\\check.js:16:13)\n    at process.processTicksAndRejections (node:internal/process/task_queues:105:5)","statusCode":400},"request":{"body":{"firstName":"test","telegramId":"test"},"headers":{"accept":"*/*","content-length":"40","content-type":"application/json","host":"localhost:3001","user-agent":"curl/8.14.1"},"method":"POST","url":"/api/auth/telegram"}},"service":"telegram-ecommerce-backend","timestamp":"2025-09-22T17:13:42.373Z"}
{"level":"info","message":"ðŸš€ Server running on port 3001","service":"telegram-ecommerce-backend","timestamp":"2025-09-22T17:14:49.963Z"}
{"level":"info","message":"ðŸ“Š Admin panel: http://localhost:3000","service":"telegram-ecommerce-backend","timestamp":"2025-09-22T17:14:49.967Z"}
{"level":"info","message":"ðŸ”§ API: http://localhost:3001/api","service":"telegram-ecommerce-backend","timestamp":"2025-09-22T17:14:49.967Z"}
{"code":"ERR_PACKAGE_PATH_NOT_EXPORTED","level":"error","message":"Failed to setup AdminJS: No \"exports\" main defined in D:\\projects\\botrt\\backend\\node_modules\\@adminjs\\express\\package.json","service":"telegram-ecommerce-backend","stack":"Error [ERR_PACKAGE_PATH_NOT_EXPORTED]: No \"exports\" main defined in D:\\projects\\botrt\\backend\\node_modules\\@adminjs\\express\\package.json\n    at exportsNotFound (node:internal/modules/esm/resolve:314:10)\n    at packageExportsResolve (node:internal/modules/esm/resolve:604:13)\n    at resolveExports (node:internal/modules/cjs/loader:657:36)\n    at Function._findPath (node:internal/modules/cjs/loader:749:31)\n    at node:internal/modules/cjs/loader:1387:27\n    at nextResolveSimple (D:\\projects\\botrt\\backend\\node_modules\\tsx\\dist\\register-D46fvsV_.cjs:4:1004)\n    at D:\\projects\\botrt\\backend\\node_modules\\tsx\\dist\\register-D46fvsV_.cjs:3:2630\n    at D:\\projects\\botrt\\backend\\node_modules\\tsx\\dist\\register-D46fvsV_.cjs:3:1542\n    at resolveTsPaths (D:\\projects\\botrt\\backend\\node_modules\\tsx\\dist\\register-D46fvsV_.cjs:4:760)\n    at D:\\projects\\botrt\\backend\\node_modules\\tsx\\dist\\register-D46fvsV_.cjs:4:1102","timestamp":"2025-09-22T17:14:53.918Z"}
{"level":"info","message":"ðŸš€ Server running on port 3001","service":"telegram-ecommerce-backend","timestamp":"2025-09-22T17:16:56.783Z"}
{"level":"info","message":"ðŸ“Š Admin panel: http://localhost:3000","service":"telegram-ecommerce-backend","timestamp":"2025-09-22T17:16:56.787Z"}
{"level":"info","message":"ðŸ”§ API: http://localhost:3001/api","service":"telegram-ecommerce-backend","timestamp":"2025-09-22T17:16:56.787Z"}
{"level":"warn","message":"AdminJS is temporarily disabled due to module resolution issues","service":"telegram-ecommerce-backend","timestamp":"2025-09-22T17:17:46.995Z"}
{"level":"info","message":"ðŸš€ Server running on port 3001","service":"telegram-ecommerce-backend","timestamp":"2025-09-22T17:17:47.016Z"}
{"level":"info","message":"ðŸ“Š Admin panel: http://localhost:3000","service":"telegram-ecommerce-backend","timestamp":"2025-09-22T17:17:47.017Z"}
{"level":"info","message":"ðŸ”§ API: http://localhost:3001/api","service":"telegram-ecommerce-backend","timestamp":"2025-09-22T17:17:47.017Z"}
{"level":"warn","message":"AdminJS is temporarily disabled due to module resolution issues","service":"telegram-ecommerce-backend","timestamp":"2025-09-22T17:18:51.686Z"}
{"level":"info","message":"ðŸš€ Server running on port 3001","service":"telegram-ecommerce-backend","timestamp":"2025-09-22T17:18:51.705Z"}
{"level":"info","message":"ðŸ“Š Admin panel: http://localhost:3000","service":"telegram-ecommerce-backend","timestamp":"2025-09-22T17:18:51.706Z"}
{"level":"info","message":"ðŸ”§ API: http://localhost:3001/api","service":"telegram-ecommerce-backend","timestamp":"2025-09-22T17:18:51.706Z"}
{"level":"warn","message":"AdminJS is temporarily disabled due to module resolution issues","service":"telegram-ecommerce-backend","timestamp":"2025-09-22T17:22:05.590Z"}
{"level":"info","message":"ðŸš€ Server running on port 3001","service":"telegram-ecommerce-backend","timestamp":"2025-09-22T17:22:05.607Z"}
{"level":"info","message":"ðŸ“Š Admin panel: http://localhost:3000","service":"telegram-ecommerce-backend","timestamp":"2025-09-22T17:22:05.608Z"}
{"level":"info","message":"ðŸ”§ API: http://localhost:3001/api","service":"telegram-ecommerce-backend","timestamp":"2025-09-22T17:22:05.608Z"}
{"level":"warn","message":"AdminJS is temporarily disabled due to module resolution issues","service":"telegram-ecommerce-backend","timestamp":"2025-09-22T17:22:30.762Z"}
{"level":"info","message":"ðŸš€ Server running on port 3001","service":"telegram-ecommerce-backend","timestamp":"2025-09-22T17:22:30.779Z"}
{"level":"info","message":"ðŸ“Š Admin panel: http://localhost:3000","service":"telegram-ecommerce-backend","timestamp":"2025-09-22T17:22:30.780Z"}
{"level":"info","message":"ðŸ”§ API: http://localhost:3001/api","service":"telegram-ecommerce-backend","timestamp":"2025-09-22T17:22:30.780Z"}
{"level":"warn","message":"AdminJS is temporarily disabled due to module resolution issues","service":"telegram-ecommerce-backend","timestamp":"2025-09-22T17:22:58.199Z"}
{"level":"info","message":"ðŸš€ Server running on port 3001","service":"telegram-ecommerce-backend","timestamp":"2025-09-22T17:22:58.216Z"}
{"level":"info","message":"ðŸ“Š Admin panel: http://localhost:3000","service":"telegram-ecommerce-backend","timestamp":"2025-09-22T17:22:58.217Z"}
{"level":"info","message":"ðŸ”§ API: http://localhost:3001/api","service":"telegram-ecommerce-backend","timestamp":"2025-09-22T17:22:58.217Z"}
{"level":"warn","message":"AdminJS is temporarily disabled due to module resolution issues","service":"telegram-ecommerce-backend","timestamp":"2025-09-22T17:25:35.685Z"}
{"level":"info","message":"ðŸš€ Server running on port 3001","service":"telegram-ecommerce-backend","timestamp":"2025-09-22T17:25:35.702Z"}
{"level":"info","message":"ðŸ“Š Admin panel: http://localhost:3000","service":"telegram-ecommerce-backend","timestamp":"2025-09-22T17:25:35.703Z"}
{"level":"info","message":"ðŸ”§ API: http://localhost:3001/api","service":"telegram-ecommerce-backend","timestamp":"2025-09-22T17:25:35.703Z"}
{"level":"warn","message":"AdminJS is temporarily disabled due to module resolution issues","service":"telegram-ecommerce-backend","timestamp":"2025-09-22T17:27:21.350Z"}
{"level":"info","message":"ðŸš€ Server running on port 3001","service":"telegram-ecommerce-backend","timestamp":"2025-09-22T17:27:21.368Z"}
{"level":"info","message":"ðŸ“Š Admin panel: http://localhost:3000","service":"telegram-ecommerce-backend","timestamp":"2025-09-22T17:27:21.369Z"}
{"level":"info","message":"ðŸ”§ API: http://localhost:3001/api","service":"telegram-ecommerce-backend","timestamp":"2025-09-22T17:27:21.369Z"}
{"level":"warn","message":"AdminJS is temporarily disabled due to module resolution issues","service":"telegram-ecommerce-backend","timestamp":"2025-09-22T17:28:52.516Z"}
{"level":"info","message":"ðŸš€ Server running on port 3001","service":"telegram-ecommerce-backend","timestamp":"2025-09-22T17:28:52.534Z"}
{"level":"info","message":"ðŸ“Š Admin panel: http://localhost:3000","service":"telegram-ecommerce-backend","timestamp":"2025-09-22T17:28:52.535Z"}
{"level":"info","message":"ðŸ”§ API: http://localhost:3001/api","service":"telegram-ecommerce-backend","timestamp":"2025-09-22T17:28:52.535Z"}
{"level":"warn","message":"AdminJS is temporarily disabled due to module resolution issues","service":"telegram-ecommerce-backend","timestamp":"2025-09-22T17:30:13.454Z"}
{"level":"info","message":"ðŸš€ Server running on port 3001","service":"telegram-ecommerce-backend","timestamp":"2025-09-22T17:30:13.475Z"}
{"level":"info","message":"ðŸ“Š Admin panel: http://localhost:3000","service":"telegram-ecommerce-backend","timestamp":"2025-09-22T17:30:13.475Z"}
{"level":"info","message":"ðŸ”§ API: http://localhost:3001/api","service":"telegram-ecommerce-backend","timestamp":"2025-09-22T17:30:13.476Z"}
{"level":"warn","message":"AdminJS is temporarily disabled due to module resolution issues","service":"telegram-ecommerce-backend","timestamp":"2025-09-22T17:32:01.695Z"}
{"level":"info","message":"ðŸš€ Server running on port 3001","service":"telegram-ecommerce-backend","timestamp":"2025-09-22T17:32:01.714Z"}
{"level":"info","message":"ðŸ“Š Admin panel: http://localhost:3000","service":"telegram-ecommerce-backend","timestamp":"2025-09-22T17:32:01.715Z"}
{"level":"info","message":"ðŸ”§ API: http://localhost:3001/api","service":"telegram-ecommerce-backend","timestamp":"2025-09-22T17:32:01.715Z"}
{"level":"info","message":"AdminJS disabled via environment variable","service":"telegram-ecommerce-backend","timestamp":"2025-09-22T17:34:16.758Z"}
{"level":"info","message":"ðŸš€ Server running on port 3001","service":"telegram-ecommerce-backend","timestamp":"2025-09-22T17:34:16.775Z"}
{"level":"info","message":"ðŸ“Š Admin panel: http://localhost:3000","service":"telegram-ecommerce-backend","timestamp":"2025-09-22T17:34:16.775Z"}
{"level":"info","message":"ðŸ”§ API: http://localhost:3001/api","service":"telegram-ecommerce-backend","timestamp":"2025-09-22T17:34:16.775Z"}
{"level":"info","message":"AdminJS disabled via environment variable","service":"telegram-ecommerce-backend","timestamp":"2025-09-22T17:34:24.068Z"}
{"level":"info","message":"ðŸš€ Server running on port 3001","service":"telegram-ecommerce-backend","timestamp":"2025-09-22T17:34:24.085Z"}
{"level":"info","message":"ðŸ“Š Admin panel: http://localhost:3000","service":"telegram-ecommerce-backend","timestamp":"2025-09-22T17:34:24.085Z"}
{"level":"info","message":"ðŸ”§ API: http://localhost:3001/api","service":"telegram-ecommerce-backend","timestamp":"2025-09-22T17:34:24.085Z"}
{"level":"info","message":"ðŸš€ Server running on port 3001","service":"telegram-ecommerce-backend","timestamp":"2025-09-22T17:35:23.938Z"}
{"level":"info","message":"ðŸ“Š Admin panel: http://localhost:3000","service":"telegram-ecommerce-backend","timestamp":"2025-09-22T17:35:23.942Z"}
{"level":"info","message":"ðŸ”§ API: http://localhost:3001/api","service":"telegram-ecommerce-backend","timestamp":"2025-09-22T17:35:23.942Z"}
{"code":"ERR_PACKAGE_PATH_NOT_EXPORTED","level":"error","message":"Failed to setup AdminJS: No \"exports\" main defined in D:\\projects\\botrt\\backend\\node_modules\\@adminjs\\express\\package.json","service":"telegram-ecommerce-backend","stack":"Error [ERR_PACKAGE_PATH_NOT_EXPORTED]: No \"exports\" main defined in D:\\projects\\botrt\\backend\\node_modules\\@adminjs\\express\\package.json\n    at exportsNotFound (node:internal/modules/esm/resolve:314:10)\n    at packageExportsResolve (node:internal/modules/esm/resolve:604:13)\n    at resolveExports (node:internal/modules/cjs/loader:657:36)\n    at Function._findPath (node:internal/modules/cjs/loader:749:31)\n    at Function._resolveFilename (node:internal/modules/cjs/loader:1387:27)\n    at defaultResolveImpl (node:internal/modules/cjs/loader:1057:19)\n    at resolveForCJSWithHooks (node:internal/modules/cjs/loader:1062:22)\n    at Function._load (node:internal/modules/cjs/loader:1211:37)\n    at TracingChannel.traceSync (node:diagnostics_channel:322:14)\n    at wrapModuleLoad (node:internal/modules/cjs/loader:235:24)","timestamp":"2025-09-22T17:35:28.777Z"}
{"level":"info","message":"ðŸš€ Server running on port 3001","service":"telegram-ecommerce-backend","timestamp":"2025-09-22T17:36:10.333Z"}
{"level":"info","message":"ðŸ“Š Admin panel: http://localhost:3000","service":"telegram-ecommerce-backend","timestamp":"2025-09-22T17:36:10.337Z"}
{"level":"info","message":"ðŸ”§ API: http://localhost:3001/api","service":"telegram-ecommerce-backend","timestamp":"2025-09-22T17:36:10.337Z"}
{"code":"ERR_PACKAGE_PATH_NOT_EXPORTED","level":"error","message":"Failed to setup AdminJS: No \"exports\" main defined in D:\\projects\\botrt\\backend\\node_modules\\@adminjs\\express\\package.json","service":"telegram-ecommerce-backend","stack":"Error [ERR_PACKAGE_PATH_NOT_EXPORTED]: No \"exports\" main defined in D:\\projects\\botrt\\backend\\node_modules\\@adminjs\\express\\package.json\n    at exportsNotFound (node:internal/modules/esm/resolve:314:10)\n    at packageExportsResolve (node:internal/modules/esm/resolve:604:13)\n    at resolveExports (node:internal/modules/cjs/loader:657:36)\n    at Function._findPath (node:internal/modules/cjs/loader:749:31)\n    at Function._resolveFilename (node:internal/modules/cjs/loader:1387:27)\n    at defaultResolveImpl (node:internal/modules/cjs/loader:1057:19)\n    at resolveForCJSWithHooks (node:internal/modules/cjs/loader:1062:22)\n    at Function._load (node:internal/modules/cjs/loader:1211:37)\n    at TracingChannel.traceSync (node:diagnostics_channel:322:14)\n    at wrapModuleLoad (node:internal/modules/cjs/loader:235:24)","timestamp":"2025-09-22T17:36:14.098Z"}
{"level":"info","message":"ðŸš€ Server running on port 3001","service":"telegram-ecommerce-backend","timestamp":"2025-09-22T17:36:53.355Z"}
{"level":"info","message":"ðŸ“Š Admin panel: http://localhost:3000","service":"telegram-ecommerce-backend","timestamp":"2025-09-22T17:36:53.359Z"}
{"level":"info","message":"ðŸ”§ API: http://localhost:3001/api","service":"telegram-ecommerce-backend","timestamp":"2025-09-22T17:36:53.359Z"}
{"code":"ERR_PACKAGE_PATH_NOT_EXPORTED","level":"error","message":"Failed to setup AdminJS: No \"exports\" main defined in D:\\projects\\botrt\\backend\\node_modules\\@adminjs\\express\\package.json","service":"telegram-ecommerce-backend","stack":"Error [ERR_PACKAGE_PATH_NOT_EXPORTED]: No \"exports\" main defined in D:\\projects\\botrt\\backend\\node_modules\\@adminjs\\express\\package.json\n    at exportsNotFound (node:internal/modules/esm/resolve:314:10)\n    at packageExportsResolve (node:internal/modules/esm/resolve:604:13)\n    at resolveExports (node:internal/modules/cjs/loader:657:36)\n    at Function._findPath (node:internal/modules/cjs/loader:749:31)\n    at Function._resolveFilename (node:internal/modules/cjs/loader:1387:27)\n    at defaultResolveImpl (node:internal/modules/cjs/loader:1057:19)\n    at resolveForCJSWithHooks (node:internal/modules/cjs/loader:1062:22)\n    at Function._load (node:internal/modules/cjs/loader:1211:37)\n    at TracingChannel.traceSync (node:diagnostics_channel:322:14)\n    at wrapModuleLoad (node:internal/modules/cjs/loader:235:24)","timestamp":"2025-09-22T17:36:58.692Z"}
{"level":"info","message":"ðŸš€ Server running on port 3001","service":"telegram-ecommerce-backend","timestamp":"2025-09-22T17:37:42.285Z"}
{"level":"info","message":"ðŸ“Š Admin panel: http://localhost:3000","service":"telegram-ecommerce-backend","timestamp":"2025-09-22T17:37:42.289Z"}
{"level":"info","message":"ðŸ”§ API: http://localhost:3001/api","service":"telegram-ecommerce-backend","timestamp":"2025-09-22T17:37:42.289Z"}
{"level":"info","message":"AdminJS started on /admin","service":"telegram-ecommerce-backend","timestamp":"2025-09-22T17:37:46.110Z"}
{"level":"info","message":"AdminJS setup completed successfully","service":"telegram-ecommerce-backend","timestamp":"2025-09-22T17:37:46.110Z"}
{"level":"info","message":"AdminJS disabled via environment variable","service":"telegram-ecommerce-backend","timestamp":"2025-09-22T17:39:03.439Z"}
{"level":"info","message":"ðŸš€ Server running on port 3001","service":"telegram-ecommerce-backend","timestamp":"2025-09-22T17:39:03.459Z"}
{"level":"info","message":"ðŸ“Š Admin panel: http://localhost:3000","service":"telegram-ecommerce-backend","timestamp":"2025-09-22T17:39:03.459Z"}
{"level":"info","message":"ðŸ”§ API: http://localhost:3001/api","service":"telegram-ecommerce-backend","timestamp":"2025-09-22T17:39:03.459Z"}
{"level":"info","message":"AdminJS disabled via environment variable","service":"telegram-ecommerce-backend","timestamp":"2025-09-22T18:05:27.855Z"}
{"level":"info","message":"ðŸš€ Server running on port 3001","service":"telegram-ecommerce-backend","timestamp":"2025-09-22T18:05:27.878Z"}
{"level":"info","message":"ðŸ“Š Admin panel: http://localhost:3000","service":"telegram-ecommerce-backend","timestamp":"2025-09-22T18:05:27.879Z"}
{"level":"info","message":"ðŸ”§ API: http://localhost:3001/api","service":"telegram-ecommerce-backend","timestamp":"2025-09-22T18:05:27.879Z"}
{"level":"info","message":"AdminJS disabled via environment variable","service":"telegram-ecommerce-backend","timestamp":"2025-09-22T18:11:40.121Z"}
{"level":"info","message":"ðŸš€ Server running on port 3001","service":"telegram-ecommerce-backend","timestamp":"2025-09-22T18:11:40.142Z"}
{"level":"info","message":"ðŸ“Š Admin panel: http://localhost:3000","service":"telegram-ecommerce-backend","timestamp":"2025-09-22T18:11:40.143Z"}
{"level":"info","message":"ðŸ”§ API: http://localhost:3001/api","service":"telegram-ecommerce-backend","timestamp":"2025-09-22T18:11:40.144Z"}
{"level":"info","message":"New socket connection: bdTXopmglSjbwy2tAAAB","service":"telegram-ecommerce-backend","timestamp":"2025-09-22T18:11:52.171Z"}
{"level":"info","message":"Socket disconnected: bdTXopmglSjbwy2tAAAB","service":"telegram-ecommerce-backend","timestamp":"2025-09-22T18:13:14.019Z"}
{"level":"info","message":"AdminJS disabled via environment variable","service":"telegram-ecommerce-backend","timestamp":"2025-09-22T18:16:48.432Z"}
{"level":"info","message":"ðŸš€ Server running on port 3001","service":"telegram-ecommerce-backend","timestamp":"2025-09-22T18:16:48.450Z"}
{"level":"info","message":"ðŸ“Š Admin panel: http://localhost:3000","service":"telegram-ecommerce-backend","timestamp":"2025-09-22T18:16:48.450Z"}
{"level":"info","message":"ðŸ”§ API: http://localhost:3001/api","service":"telegram-ecommerce-backend","timestamp":"2025-09-22T18:16:48.450Z"}
{"level":"info","message":"AdminJS disabled via environment variable","service":"telegram-ecommerce-backend","timestamp":"2025-09-22T18:17:20.213Z"}
{"level":"info","message":"ðŸš€ Server running on port 3001","service":"telegram-ecommerce-backend","timestamp":"2025-09-22T18:17:20.236Z"}
{"level":"info","message":"ðŸ“Š Admin panel: http://localhost:3000","service":"telegram-ecommerce-backend","timestamp":"2025-09-22T18:17:20.236Z"}
{"level":"info","message":"ðŸ”§ API: http://localhost:3001/api","service":"telegram-ecommerce-backend","timestamp":"2025-09-22T18:17:20.236Z"}
{"level":"info","message":"New socket connection: CCxcPucIzRINIgnRAAAB","service":"telegram-ecommerce-backend","timestamp":"2025-09-22T18:17:20.722Z"}
{"level":"info","message":"AdminJS disabled via environment variable","service":"telegram-ecommerce-backend","timestamp":"2025-09-22T18:20:27.795Z"}
{"level":"info","message":"ðŸš€ Server running on port 3001","service":"telegram-ecommerce-backend","timestamp":"2025-09-22T18:20:27.812Z"}
{"level":"info","message":"ðŸ“Š Admin panel: http://localhost:3000","service":"telegram-ecommerce-backend","timestamp":"2025-09-22T18:20:27.812Z"}
{"level":"info","message":"ðŸ”§ API: http://localhost:3001/api","service":"telegram-ecommerce-backend","timestamp":"2025-09-22T18:20:27.812Z"}
{"level":"info","message":"New socket connection: prvhHXJY0ztqSTcYAAAB","service":"telegram-ecommerce-backend","timestamp":"2025-09-22T18:20:31.319Z"}
{"level":"info","message":"New socket connection: nKZbD4aexuh6zsBdAAAF","service":"telegram-ecommerce-backend","timestamp":"2025-09-22T18:20:36.181Z"}
{"level":"info","message":"New socket connection: a6G_3nSYMeFbaL-oAAAG","service":"telegram-ecommerce-backend","timestamp":"2025-09-22T18:20:36.241Z"}
{"level":"info","message":"New socket connection: OWGiXgDPmVD-BotTAAAH","service":"telegram-ecommerce-backend","timestamp":"2025-09-22T18:20:36.273Z"}
{"level":"info","message":"Socket disconnected: nKZbD4aexuh6zsBdAAAF","service":"telegram-ecommerce-backend","timestamp":"2025-09-22T18:20:36.666Z"}
{"level":"info","message":"Socket disconnected: a6G_3nSYMeFbaL-oAAAG","service":"telegram-ecommerce-backend","timestamp":"2025-09-22T18:20:36.878Z"}
{"level":"info","message":"Socket disconnected: OWGiXgDPmVD-BotTAAAH","service":"telegram-ecommerce-backend","timestamp":"2025-09-22T18:20:37.102Z"}
{"level":"info","message":"Socket disconnected: prvhHXJY0ztqSTcYAAAB","service":"telegram-ecommerce-backend","timestamp":"2025-09-22T18:20:43.439Z"}
{"level":"info","message":"New socket connection: 2-HrnfJ-yOeTXAKdAAAJ","service":"telegram-ecommerce-backend","timestamp":"2025-09-22T18:20:51.901Z"}
{"level":"info","message":"AdminJS disabled via environment variable","service":"telegram-ecommerce-backend","timestamp":"2025-09-22T18:21:44.911Z"}
{"level":"info","message":"ðŸš€ Server running on port 3001","service":"telegram-ecommerce-backend","timestamp":"2025-09-22T18:21:44.930Z"}
{"level":"info","message":"ðŸ“Š Admin panel: http://localhost:3000","service":"telegram-ecommerce-backend","timestamp":"2025-09-22T18:21:44.930Z"}
{"level":"info","message":"ðŸ”§ API: http://localhost:3001/api","service":"telegram-ecommerce-backend","timestamp":"2025-09-22T18:21:44.930Z"}
{"level":"info","message":"New socket connection: l18N1FzkeMEbAXT6AAAB","service":"telegram-ecommerce-backend","timestamp":"2025-09-22T18:21:50.319Z"}
{"level":"error","message":{"error":{"message":"Expected property name or '}' in JSON at position 1 (line 1 column 2)","stack":"SyntaxError: Expected property name or '}' in JSON at position 1 (line 1 column 2)\n    at JSON.parse (<anonymous>)\n    at parse (D:\\projects\\botrt\\backend\\node_modules\\body-parser\\lib\\types\\json.js:92:19)\n    at D:\\projects\\botrt\\backend\\node_modules\\body-parser\\lib\\read.js:128:18\n    at AsyncResource.runInAsyncScope (node:async_hooks:214:14)\n    at invokeCallback (D:\\projects\\botrt\\backend\\node_modules\\raw-body\\index.js:238:16)\n    at done (D:\\projects\\botrt\\backend\\node_modules\\raw-body\\index.js:227:7)\n    at IncomingMessage.onEnd (D:\\projects\\botrt\\backend\\node_modules\\raw-body\\index.js:287:7)\n    at IncomingMessage.emit (node:events:518:28)\n    at endReadableNT (node:internal/streams/readable:1698:12)\n    at process.processTicksAndRejections (node:internal/process/task_queues:90:21)","statusCode":400},"request":{"body":{},"headers":{"accept":"*/*","content-length":"102","content-type":"application/json","host":"localhost:3001","user-agent":"curl/8.14.1"},"method":"POST","url":"/api/auth/telegram"}},"service":"telegram-ecommerce-backend","timestamp":"2025-09-22T18:22:03.141Z"}
{"level":"info","message":"AdminJS disabled via environment variable","service":"telegram-ecommerce-backend","timestamp":"2025-09-22T18:25:32.440Z"}
{"level":"info","message":"ðŸš€ Server running on port 3001","service":"telegram-ecommerce-backend","timestamp":"2025-09-22T18:25:32.466Z"}
{"level":"info","message":"ðŸ“Š Admin panel: http://localhost:3000","service":"telegram-ecommerce-backend","timestamp":"2025-09-22T18:25:32.466Z"}
{"level":"info","message":"ðŸ”§ API: http://localhost:3001/api","service":"telegram-ecommerce-backend","timestamp":"2025-09-22T18:25:32.466Z"}
{"level":"info","message":"New socket connection: k8I4YAOpxHlAZCEzAAAB","service":"telegram-ecommerce-backend","timestamp":"2025-09-22T18:25:34.070Z"}
{"level":"info","message":"Socket disconnected: k8I4YAOpxHlAZCEzAAAB","service":"telegram-ecommerce-backend","timestamp":"2025-09-22T18:25:47.390Z"}
{"level":"info","message":"ðŸš€ Server running on port 3001","service":"telegram-ecommerce-backend","timestamp":"2025-09-22T18:27:07.320Z"}
{"level":"info","message":"ðŸ“Š Admin panel: http://localhost:3000","service":"telegram-ecommerce-backend","timestamp":"2025-09-22T18:27:07.324Z"}
{"level":"info","message":"ðŸ”§ API: http://localhost:3001/api","service":"telegram-ecommerce-backend","timestamp":"2025-09-22T18:27:07.325Z"}
{"level":"info","message":"AdminJS started on /admin","service":"telegram-ecommerce-backend","timestamp":"2025-09-22T18:27:12.122Z"}
{"level":"info","message":"AdminJS enabled successfully","service":"telegram-ecommerce-backend","timestamp":"2025-09-22T18:27:12.123Z"}
{"level":"info","message":"AdminJS disabled via environment variable","service":"telegram-ecommerce-backend","timestamp":"2025-09-22T18:28:18.651Z"}
{"level":"info","message":"ðŸš€ Server running on port 3001","service":"telegram-ecommerce-backend","timestamp":"2025-09-22T18:28:18.669Z"}
{"level":"info","message":"ðŸ“Š Admin panel: http://localhost:3000","service":"telegram-ecommerce-backend","timestamp":"2025-09-22T18:28:18.669Z"}
{"level":"info","message":"ðŸ”§ API: http://localhost:3001/api","service":"telegram-ecommerce-backend","timestamp":"2025-09-22T18:28:18.670Z"}
{"level":"info","message":"New socket connection: KfTS6eviZ1SNkeBMAAAB","service":"telegram-ecommerce-backend","timestamp":"2025-09-22T18:29:01.011Z"}
{"level":"info","message":"Socket disconnected: KfTS6eviZ1SNkeBMAAAB","service":"telegram-ecommerce-backend","timestamp":"2025-09-22T18:29:18.303Z"}
{"level":"info","message":"ðŸš€ Server running on port 3001","service":"telegram-ecommerce-backend","timestamp":"2025-09-22T18:33:33.445Z"}
{"level":"info","message":"ðŸ“Š Admin panel: http://localhost:3000","service":"telegram-ecommerce-backend","timestamp":"2025-09-22T18:33:33.448Z"}
{"level":"info","message":"ðŸ”§ API: http://localhost:3001/api","service":"telegram-ecommerce-backend","timestamp":"2025-09-22T18:33:33.449Z"}
{"level":"info","message":"AdminJS started on /admin","service":"telegram-ecommerce-backend","timestamp":"2025-09-22T18:33:37.228Z"}
{"level":"info","message":"AdminJS enabled successfully","service":"telegram-ecommerce-backend","timestamp":"2025-09-22T18:33:37.229Z"}
{"level":"info","message":"ðŸš€ Server running on port 3001","service":"telegram-ecommerce-backend","timestamp":"2025-09-22T18:37:03.966Z"}
{"level":"info","message":"ðŸ“Š Admin panel: http://localhost:3000","service":"telegram-ecommerce-backend","timestamp":"2025-09-22T18:37:03.970Z"}
{"level":"info","message":"ðŸ”§ API: http://localhost:3001/api","service":"telegram-ecommerce-backend","timestamp":"2025-09-22T18:37:03.970Z"}
{"level":"info","message":"AdminJS started on /admin","service":"telegram-ecommerce-backend","timestamp":"2025-09-22T18:37:07.858Z"}
{"level":"info","message":"AdminJS enabled successfully","service":"telegram-ecommerce-backend","timestamp":"2025-09-22T18:37:07.858Z"}
{"level":"info","message":"ðŸš€ Server running on port 3001","service":"telegram-ecommerce-backend","timestamp":"2025-09-22T18:40:19.154Z"}
{"level":"info","message":"ðŸ“Š Admin panel: http://localhost:3000","service":"telegram-ecommerce-backend","timestamp":"2025-09-22T18:40:19.157Z"}
{"level":"info","message":"ðŸ”§ API: http://localhost:3001/api","service":"telegram-ecommerce-backend","timestamp":"2025-09-22T18:40:19.158Z"}
{"level":"info","message":"AdminJS started on /admin","service":"telegram-ecommerce-backend","timestamp":"2025-09-22T18:40:25.420Z"}
{"level":"info","message":"AdminJS enabled successfully","service":"telegram-ecommerce-backend","timestamp":"2025-09-22T18:40:25.420Z"}
{"level":"info","message":"ðŸš€ Server running on port 3001","service":"telegram-ecommerce-backend","timestamp":"2025-09-22T18:40:41.354Z"}
{"level":"info","message":"ðŸ“Š Admin panel: http://localhost:3000","service":"telegram-ecommerce-backend","timestamp":"2025-09-22T18:40:41.358Z"}
{"level":"info","message":"ðŸ”§ API: http://localhost:3001/api","service":"telegram-ecommerce-backend","timestamp":"2025-09-22T18:40:41.358Z"}
{"level":"info","message":"AdminJS started on /admin","service":"telegram-ecommerce-backend","timestamp":"2025-09-22T18:40:47.207Z"}
{"level":"info","message":"AdminJS enabled successfully","service":"telegram-ecommerce-backend","timestamp":"2025-09-22T18:40:47.207Z"}
{"level":"info","message":"AdminJS disabled via environment variable","service":"telegram-ecommerce-backend","timestamp":"2025-09-22T18:43:08.481Z"}
{"level":"info","message":"ðŸš€ Server running on port 3001","service":"telegram-ecommerce-backend","timestamp":"2025-09-22T18:43:08.518Z"}
{"level":"info","message":"ðŸ“Š Admin panel: http://localhost:3000","service":"telegram-ecommerce-backend","timestamp":"2025-09-22T18:43:08.522Z"}
{"level":"info","message":"ðŸ”§ API: http://localhost:3001/api","service":"telegram-ecommerce-backend","timestamp":"2025-09-22T18:43:08.522Z"}
{"level":"info","message":"New socket connection: JrQxM8QOy7IwM2YvAAAB","service":"telegram-ecommerce-backend","timestamp":"2025-09-22T18:43:13.224Z"}
{"level":"info","message":"Socket disconnected: JrQxM8QOy7IwM2YvAAAB","service":"telegram-ecommerce-backend","timestamp":"2025-09-22T18:43:20.091Z"}
{"level":"info","message":"New socket connection: OH2ePJVve5vYp_hkAAAD","service":"telegram-ecommerce-backend","timestamp":"2025-09-22T18:43:20.566Z"}
{"level":"info","message":"Socket disconnected: OH2ePJVve5vYp_hkAAAD","service":"telegram-ecommerce-backend","timestamp":"2025-09-22T18:43:22.764Z"}
{"level":"info","message":"ðŸš€ Server running on port 3001","service":"telegram-ecommerce-backend","timestamp":"2025-09-22T18:44:52.858Z"}
{"level":"info","message":"ðŸ“Š Admin panel: http://localhost:3000","service":"telegram-ecommerce-backend","timestamp":"2025-09-22T18:44:52.862Z"}
{"level":"info","message":"ðŸ”§ API: http://localhost:3001/api","service":"telegram-ecommerce-backend","timestamp":"2025-09-22T18:44:52.863Z"}
{"level":"info","message":"AdminJS started on /admin","service":"telegram-ecommerce-backend","timestamp":"2025-09-22T18:44:59.446Z"}
{"level":"info","message":"AdminJS enabled successfully","service":"telegram-ecommerce-backend","timestamp":"2025-09-22T18:44:59.447Z"}
{"level":"info","message":"AdminJS disabled via environment variable","service":"telegram-ecommerce-backend","timestamp":"2025-09-22T18:45:35.831Z"}
{"level":"info","message":"ðŸš€ Server running on port 3001","service":"telegram-ecommerce-backend","timestamp":"2025-09-22T18:45:35.847Z"}
{"level":"info","message":"ðŸ“Š Admin panel: http://localhost:3000","service":"telegram-ecommerce-backend","timestamp":"2025-09-22T18:45:35.847Z"}
{"level":"info","message":"ðŸ”§ API: http://localhost:3001/api","service":"telegram-ecommerce-backend","timestamp":"2025-09-22T18:45:35.848Z"}
{"level":"info","message":"New socket connection: pfV-cqf4qZel7QORAAAB","service":"telegram-ecommerce-backend","timestamp":"2025-09-22T18:45:44.273Z"}
{"level":"info","message":"New socket connection: 0IDaS1RVASXHECtIAAAD","service":"telegram-ecommerce-backend","timestamp":"2025-09-22T18:45:44.576Z"}
{"level":"info","message":"Socket disconnected: 0IDaS1RVASXHECtIAAAD","service":"telegram-ecommerce-backend","timestamp":"2025-09-22T18:45:45.368Z"}
{"level":"info","message":"Socket disconnected: pfV-cqf4qZel7QORAAAB","service":"telegram-ecommerce-backend","timestamp":"2025-09-22T18:49:48.520Z"}
{"level":"info","message":"AdminJS disabled via environment variable","service":"telegram-ecommerce-backend","timestamp":"2025-09-22T19:03:25.793Z"}
{"level":"info","message":"ðŸš€ Server running on port 3001","service":"telegram-ecommerce-backend","timestamp":"2025-09-22T19:03:25.810Z"}
{"level":"info","message":"ðŸ“Š Admin panel: http://localhost:3000","service":"telegram-ecommerce-backend","timestamp":"2025-09-22T19:03:25.810Z"}
{"level":"info","message":"ðŸ”§ API: http://localhost:3001/api","service":"telegram-ecommerce-backend","timestamp":"2025-09-22T19:03:25.810Z"}
{"level":"info","message":"AdminJS disabled via environment variable","service":"telegram-ecommerce-backend","timestamp":"2025-09-22T19:19:58.622Z"}
{"level":"info","message":"ðŸš€ Server running on port 3001","service":"telegram-ecommerce-backend","timestamp":"2025-09-22T19:19:58.647Z"}
{"level":"info","message":"ðŸ“Š Admin panel: http://localhost:3000","service":"telegram-ecommerce-backend","timestamp":"2025-09-22T19:19:58.647Z"}
{"level":"info","message":"ðŸ”§ API: http://localhost:3001/api","service":"telegram-ecommerce-backend","timestamp":"2025-09-22T19:19:58.648Z"}
{"level":"info","message":"AdminJS disabled via environment variable","service":"telegram-ecommerce-backend","timestamp":"2025-09-22T19:21:02.788Z"}
{"level":"info","message":"ðŸš€ Server running on port 3001","service":"telegram-ecommerce-backend","timestamp":"2025-09-22T19:21:02.805Z"}
{"level":"info","message":"ðŸ“Š Admin panel: http://localhost:3000","service":"telegram-ecommerce-backend","timestamp":"2025-09-22T19:21:02.805Z"}
{"level":"info","message":"ðŸ”§ API: http://localhost:3001/api","service":"telegram-ecommerce-backend","timestamp":"2025-09-22T19:21:02.806Z"}
{"level":"info","message":"AdminJS disabled via environment variable","service":"telegram-ecommerce-backend","timestamp":"2025-09-22T19:21:09.795Z"}
{"level":"info","message":"ðŸš€ Server running on port 3001","service":"telegram-ecommerce-backend","timestamp":"2025-09-22T19:21:09.812Z"}
{"level":"info","message":"ðŸ“Š Admin panel: http://localhost:3000","service":"telegram-ecommerce-backend","timestamp":"2025-09-22T19:21:09.812Z"}
{"level":"info","message":"ðŸ”§ API: http://localhost:3001/api","service":"telegram-ecommerce-backend","timestamp":"2025-09-22T19:21:09.813Z"}
{"level":"info","message":"AdminJS disabled via environment variable","service":"telegram-ecommerce-backend","timestamp":"2025-09-22T19:21:31.122Z"}
{"level":"info","message":"ðŸš€ Server running on port 3001","service":"telegram-ecommerce-backend","timestamp":"2025-09-22T19:21:31.140Z"}
{"level":"info","message":"ðŸ“Š Admin panel: http://localhost:3000","service":"telegram-ecommerce-backend","timestamp":"2025-09-22T19:21:31.140Z"}
{"level":"info","message":"ðŸ”§ API: http://localhost:3001/api","service":"telegram-ecommerce-backend","timestamp":"2025-09-22T19:21:31.140Z"}
{"level":"info","message":"AdminJS disabled via environment variable","service":"telegram-ecommerce-backend","timestamp":"2025-09-22T19:21:43.380Z"}
{"level":"info","message":"ðŸš€ Server running on port 3001","service":"telegram-ecommerce-backend","timestamp":"2025-09-22T19:21:43.397Z"}
{"level":"info","message":"ðŸ“Š Admin panel: http://localhost:3000","service":"telegram-ecommerce-backend","timestamp":"2025-09-22T19:21:43.398Z"}
{"level":"info","message":"ðŸ”§ API: http://localhost:3001/api","service":"telegram-ecommerce-backend","timestamp":"2025-09-22T19:21:43.398Z"}
{"level":"info","message":"AdminJS disabled via environment variable","service":"telegram-ecommerce-backend","timestamp":"2025-09-22T19:22:22.951Z"}
{"level":"info","message":"ðŸš€ Server running on port 3001","service":"telegram-ecommerce-backend","timestamp":"2025-09-22T19:22:22.967Z"}
{"level":"info","message":"ðŸ“Š Admin panel: http://localhost:3000","service":"telegram-ecommerce-backend","timestamp":"2025-09-22T19:22:22.967Z"}
{"level":"info","message":"ðŸ”§ API: http://localhost:3001/api","service":"telegram-ecommerce-backend","timestamp":"2025-09-22T19:22:22.967Z"}
{"level":"info","message":"AdminJS disabled via environment variable","service":"telegram-ecommerce-backend","timestamp":"2025-09-22T19:22:29.152Z"}
{"level":"info","message":"ðŸš€ Server running on port 3001","service":"telegram-ecommerce-backend","timestamp":"2025-09-22T19:22:29.169Z"}
{"level":"info","message":"ðŸ“Š Admin panel: http://localhost:3000","service":"telegram-ecommerce-backend","timestamp":"2025-09-22T19:22:29.169Z"}
{"level":"info","message":"ðŸ”§ API: http://localhost:3001/api","service":"telegram-ecommerce-backend","timestamp":"2025-09-22T19:22:29.169Z"}
{"level":"info","message":"AdminJS disabled via environment variable","service":"telegram-ecommerce-backend","timestamp":"2025-09-22T19:29:49.918Z"}
{"level":"info","message":"ðŸš€ Server running on port 3001","service":"telegram-ecommerce-backend","timestamp":"2025-09-22T19:29:49.937Z"}
{"level":"info","message":"ðŸ“Š Admin panel: http://localhost:3000","service":"telegram-ecommerce-backend","timestamp":"2025-09-22T19:29:49.937Z"}
{"level":"info","message":"ðŸ”§ API: http://localhost:3001/api","service":"telegram-ecommerce-backend","timestamp":"2025-09-22T19:29:49.938Z"}
{"level":"info","message":"AdminJS disabled via environment variable","service":"telegram-ecommerce-backend","timestamp":"2025-09-22T19:30:14.494Z"}
{"level":"info","message":"ðŸš€ Server running on port 3001","service":"telegram-ecommerce-backend","timestamp":"2025-09-22T19:30:14.514Z"}
{"level":"info","message":"ðŸ“Š Admin panel: http://localhost:3000","service":"telegram-ecommerce-backend","timestamp":"2025-09-22T19:30:14.515Z"}
{"level":"info","message":"ðŸ”§ API: http://localhost:3001/api","service":"telegram-ecommerce-backend","timestamp":"2025-09-22T19:30:14.515Z"}
{"level":"info","message":"AdminJS disabled via environment variable","service":"telegram-ecommerce-backend","timestamp":"2025-09-22T19:30:34.668Z"}
{"level":"info","message":"ðŸš€ Server running on port 3001","service":"telegram-ecommerce-backend","timestamp":"2025-09-22T19:30:34.688Z"}
{"level":"info","message":"ðŸ“Š Admin panel: http://localhost:3000","service":"telegram-ecommerce-backend","timestamp":"2025-09-22T19:30:34.688Z"}
{"level":"info","message":"ðŸ”§ API: http://localhost:3001/api","service":"telegram-ecommerce-backend","timestamp":"2025-09-22T19:30:34.688Z"}
{"level":"info","message":"AdminJS disabled via environment variable","service":"telegram-ecommerce-backend","timestamp":"2025-09-22T19:30:41.669Z"}
{"level":"info","message":"ðŸš€ Server running on port 3001","service":"telegram-ecommerce-backend","timestamp":"2025-09-22T19:30:41.688Z"}
{"level":"info","message":"ðŸ“Š Admin panel: http://localhost:3000","service":"telegram-ecommerce-backend","timestamp":"2025-09-22T19:30:41.689Z"}
{"level":"info","message":"ðŸ”§ API: http://localhost:3001/api","service":"telegram-ecommerce-backend","timestamp":"2025-09-22T19:30:41.689Z"}
{"level":"info","message":"AdminJS disabled via environment variable","service":"telegram-ecommerce-backend","timestamp":"2025-09-23T08:12:10.909Z"}
{"level":"info","message":"ðŸš€ Server running on port 3001","service":"telegram-ecommerce-backend","timestamp":"2025-09-23T08:12:11.108Z"}
{"level":"info","message":"ðŸ“Š Admin panel: http://localhost:3000","service":"telegram-ecommerce-backend","timestamp":"2025-09-23T08:12:11.108Z"}
{"level":"info","message":"ðŸ”§ API: http://localhost:3001/api","service":"telegram-ecommerce-backend","timestamp":"2025-09-23T08:12:11.109Z"}
{"level":"info","message":"SIGINT received, shutting down gracefully","service":"telegram-ecommerce-backend","timestamp":"2025-09-23T08:12:51.843Z"}
{"level":"info","message":"ðŸš€ Server running on port 3001","service":"telegram-ecommerce-backend","timestamp":"2025-09-23T09:10:12.452Z"}
{"level":"info","message":"ðŸš€ Server running on port 3001","service":"telegram-ecommerce-backend","timestamp":"2025-09-23T09:10:24.159Z"}
{"level":"info","message":"ðŸ“Š Admin panel: http://localhost:3000","service":"telegram-ecommerce-backend","timestamp":"2025-09-23T09:10:24.165Z"}
{"level":"info","message":"ðŸ”§ API: http://localhost:3001/api","service":"telegram-ecommerce-backend","timestamp":"2025-09-23T09:10:24.165Z"}
{"level":"info","message":"ðŸš€ Server running on port 3001","service":"telegram-ecommerce-backend","timestamp":"2025-09-23T09:10:38.298Z"}
{"level":"info","message":"ðŸš€ Server running on port 3001","service":"telegram-ecommerce-backend","timestamp":"2025-09-23T09:10:41.660Z"}
{"level":"info","message":"ðŸ“Š Admin panel: http://localhost:3000","service":"telegram-ecommerce-backend","timestamp":"2025-09-23T09:10:41.665Z"}
{"level":"info","message":"ðŸ”§ API: http://localhost:3001/api","service":"telegram-ecommerce-backend","timestamp":"2025-09-23T09:10:41.665Z"}
{"level":"info","message":"ðŸš€ Server running on port 3001","service":"telegram-ecommerce-backend","timestamp":"2025-09-23T09:12:59.211Z"}
{"level":"info","message":"ðŸ“Š Admin panel: http://localhost:3000","service":"telegram-ecommerce-backend","timestamp":"2025-09-23T09:12:59.215Z"}
{"level":"info","message":"ðŸ”§ API: http://localhost:3001/api","service":"telegram-ecommerce-backend","timestamp":"2025-09-23T09:12:59.215Z"}
{"level":"info","message":"ðŸš€ Server running on port 3001","service":"telegram-ecommerce-backend","timestamp":"2025-09-23T10:16:18.057Z"}
{"level":"info","message":"ðŸ“Š Admin panel: http://localhost:3000","service":"telegram-ecommerce-backend","timestamp":"2025-09-23T10:16:18.062Z"}
{"level":"info","message":"ðŸ”§ API: http://localhost:3001/api","service":"telegram-ecommerce-backend","timestamp":"2025-09-23T10:16:18.062Z"}
{"level":"info","message":"ðŸš€ Server running on port 3001","service":"telegram-ecommerce-backend","timestamp":"2025-09-23T10:16:52.183Z"}
{"level":"info","message":"ðŸ“Š Admin panel: http://localhost:3000","service":"telegram-ecommerce-backend","timestamp":"2025-09-23T10:16:52.187Z"}
{"level":"info","message":"ðŸ”§ API: http://localhost:3001/api","service":"telegram-ecommerce-backend","timestamp":"2025-09-23T10:16:52.187Z"}
{"level":"info","message":"AdminJS started on /admin","service":"telegram-ecommerce-backend","timestamp":"2025-09-23T10:16:54.573Z"}
{"level":"info","message":"AdminJS enabled successfully","service":"telegram-ecommerce-backend","timestamp":"2025-09-23T10:16:54.573Z"}
{"level":"warn","message":"Email configuration missing - email notifications disabled","service":"telegram-ecommerce-backend","timestamp":"2025-09-23T13:48:12.593Z"}
{"level":"warn","message":"Admin Telegram bot token missing - Telegram notifications disabled","service":"telegram-ecommerce-backend","timestamp":"2025-09-23T13:48:12.596Z"}
{"level":"info","message":"ðŸš€ Server running on port 3001","service":"telegram-ecommerce-backend","timestamp":"2025-09-23T13:48:13.030Z"}
{"level":"info","message":"ðŸ“Š Admin panel: http://localhost:3000","service":"telegram-ecommerce-backend","timestamp":"2025-09-23T13:48:13.030Z"}
{"level":"info","message":"ðŸ”§ API: http://localhost:3001/api","service":"telegram-ecommerce-backend","timestamp":"2025-09-23T13:48:13.031Z"}
{"level":"info","message":"Backup service initialized","service":"telegram-ecommerce-backend","timestamp":"2025-09-23T13:48:13.044Z"}
{"adminIPWhitelist":false,"authRateLimitMax":100,"bruteForceProtection":true,"corsOrigins":["http://localhost:3000","http://localhost:3001","http://localhost:5173"],"environment":"development","jwtAccessExpiry":"15m","jwtRefreshExpiry":"7d","level":"info","message":"Security configuration loaded","rateLimitMax":1000,"redisEnabled":true,"requestSanitization":true,"securityHeaders":true,"service":"telegram-ecommerce-backend","timestamp":"2025-09-24T12:53:44.669Z"}
{"level":"warn","message":"Email configuration missing - email notifications disabled","service":"telegram-ecommerce-backend","timestamp":"2025-09-24T12:53:45.430Z"}
{"level":"warn","message":"Admin Telegram bot token missing - Telegram notifications disabled","service":"telegram-ecommerce-backend","timestamp":"2025-09-24T12:53:45.431Z"}
{"level":"info","message":"ðŸ¤– Initializing Bot Factory Service...","service":"telegram-ecommerce-backend","timestamp":"2025-09-24T12:53:46.427Z"}
{"code":"ECONNREFUSED","level":"error","message":"Redis connection failed for JWT:","service":"telegram-ecommerce-backend","stack":"AggregateError [ECONNREFUSED]: \n    at internalConnectMultiple (node:net:1134:18)\n    at afterConnectMultiple (node:net:1715:7)","timestamp":"2025-09-24T12:53:46.445Z"}
{"code":"ECONNREFUSED","level":"error","message":"Redis connection failed for rate limiting:","service":"telegram-ecommerce-backend","stack":"AggregateError [ECONNREFUSED]: \n    at internalConnectMultiple (node:net:1134:18)\n    at afterConnectMultiple (node:net:1715:7)","timestamp":"2025-09-24T12:53:46.446Z"}
{"level":"info","message":"Backup service initialized","service":"telegram-ecommerce-backend","timestamp":"2025-09-24T12:53:46.446Z"}
{"level":"info","message":"Found 0 active bots to restore","service":"telegram-ecommerce-backend","timestamp":"2025-09-24T12:53:46.460Z"}
{"level":"info","message":"ðŸš€ Bot Factory Service initialized with 0 active bots","service":"telegram-ecommerce-backend","timestamp":"2025-09-24T12:53:46.460Z"}
{"adminIPWhitelist":false,"authRateLimitMax":100,"bruteForceProtection":true,"corsOrigins":["http://localhost:3000","http://localhost:3001","http://localhost:5173"],"environment":"development","jwtAccessExpiry":"15m","jwtRefreshExpiry":"7d","level":"info","message":"Security configuration loaded","rateLimitMax":1000,"redisEnabled":true,"requestSanitization":true,"securityHeaders":true,"service":"telegram-ecommerce-backend","timestamp":"2025-09-24T12:55:52.758Z"}
{"level":"warn","message":"Email configuration missing - email notifications disabled","service":"telegram-ecommerce-backend","timestamp":"2025-09-24T12:55:53.382Z"}
{"level":"warn","message":"Admin Telegram bot token missing - Telegram notifications disabled","service":"telegram-ecommerce-backend","timestamp":"2025-09-24T12:55:53.382Z"}
{"level":"info","message":"ðŸ¤– Initializing Bot Factory Service...","service":"telegram-ecommerce-backend","timestamp":"2025-09-24T12:55:54.067Z"}
{"level":"info","message":"Backup service initialized","service":"telegram-ecommerce-backend","timestamp":"2025-09-24T12:55:56.657Z"}
{"level":"info","message":"Found 0 active bots to restore","service":"telegram-ecommerce-backend","timestamp":"2025-09-24T12:55:56.662Z"}
{"level":"info","message":"ðŸš€ Bot Factory Service initialized with 0 active bots","service":"telegram-ecommerce-backend","timestamp":"2025-09-24T12:55:56.662Z"}
{"code":"ECONNREFUSED","level":"error","message":"Redis connection failed for rate limiting:","service":"telegram-ecommerce-backend","stack":"AggregateError [ECONNREFUSED]: \n    at internalConnectMultiple (node:net:1134:18)\n    at afterConnectMultiple (node:net:1715:7)","timestamp":"2025-09-24T12:55:56.664Z"}
{"adminIPWhitelist":false,"authRateLimitMax":100,"bruteForceProtection":true,"corsOrigins":["http://localhost:3000","http://localhost:3001","http://localhost:5173"],"environment":"development","jwtAccessExpiry":"15m","jwtRefreshExpiry":"7d","level":"info","message":"Security configuration loaded","rateLimitMax":1000,"redisEnabled":true,"requestSanitization":true,"securityHeaders":true,"service":"telegram-ecommerce-backend","timestamp":"2025-09-24T12:56:02.355Z"}
{"level":"warn","message":"Email configuration missing - email notifications disabled","service":"telegram-ecommerce-backend","timestamp":"2025-09-24T12:56:02.900Z"}
{"level":"warn","message":"Admin Telegram bot token missing - Telegram notifications disabled","service":"telegram-ecommerce-backend","timestamp":"2025-09-24T12:56:02.900Z"}
{"level":"info","message":"ðŸ¤– Initializing Bot Factory Service...","service":"telegram-ecommerce-backend","timestamp":"2025-09-24T12:56:03.591Z"}
{"level":"info","message":"Backup service initialized","service":"telegram-ecommerce-backend","timestamp":"2025-09-24T12:56:06.146Z"}
{"level":"info","message":"Found 0 active bots to restore","service":"telegram-ecommerce-backend","timestamp":"2025-09-24T12:56:06.152Z"}
{"level":"info","message":"ðŸš€ Bot Factory Service initialized with 0 active bots","service":"telegram-ecommerce-backend","timestamp":"2025-09-24T12:56:06.152Z"}
{"adminIPWhitelist":false,"authRateLimitMax":100,"bruteForceProtection":true,"corsOrigins":["http://localhost:3000","http://localhost:3001","http://localhost:5173"],"environment":"development","jwtAccessExpiry":"15m","jwtRefreshExpiry":"7d","level":"info","message":"Security configuration loaded","rateLimitMax":1000,"redisEnabled":true,"requestSanitization":true,"securityHeaders":true,"service":"telegram-ecommerce-backend","timestamp":"2025-09-24T12:56:46.782Z"}
{"level":"info","message":"Email not configured - email notifications disabled (development mode)","service":"telegram-ecommerce-backend","timestamp":"2025-09-24T12:56:47.419Z"}
{"level":"warn","message":"Admin Telegram bot token missing - Telegram notifications disabled","service":"telegram-ecommerce-backend","timestamp":"2025-09-24T12:56:47.419Z"}
{"level":"info","message":"ðŸ¤– Initializing Bot Factory Service...","service":"telegram-ecommerce-backend","timestamp":"2025-09-24T12:56:48.151Z"}
{"level":"info","message":"Backup service initialized","service":"telegram-ecommerce-backend","timestamp":"2025-09-24T12:56:50.663Z"}
{"level":"info","message":"Found 0 active bots to restore","service":"telegram-ecommerce-backend","timestamp":"2025-09-24T12:56:50.666Z"}
{"level":"info","message":"ðŸš€ Bot Factory Service initialized with 0 active bots","service":"telegram-ecommerce-backend","timestamp":"2025-09-24T12:56:50.666Z"}
{"adminIPWhitelist":false,"authRateLimitMax":100,"bruteForceProtection":true,"corsOrigins":["http://localhost:3000","http://localhost:3001","http://localhost:5173"],"environment":"development","jwtAccessExpiry":"15m","jwtRefreshExpiry":"7d","level":"info","message":"Security configuration loaded","rateLimitMax":1000,"redisEnabled":true,"requestSanitization":true,"securityHeaders":true,"service":"telegram-ecommerce-backend","timestamp":"2025-09-24T12:56:55.052Z"}
{"level":"info","message":"Email not configured - email notifications disabled (development mode)","service":"telegram-ecommerce-backend","timestamp":"2025-09-24T12:56:55.690Z"}
{"level":"info","message":"Admin Telegram bot not configured - admin notifications disabled (development mode)","service":"telegram-ecommerce-backend","timestamp":"2025-09-24T12:56:55.690Z"}
{"level":"info","message":"ðŸ¤– Initializing Bot Factory Service...","service":"telegram-ecommerce-backend","timestamp":"2025-09-24T12:56:56.395Z"}
{"level":"info","message":"Backup service initialized","service":"telegram-ecommerce-backend","timestamp":"2025-09-24T12:56:58.988Z"}
{"level":"info","message":"Found 0 active bots to restore","service":"telegram-ecommerce-backend","timestamp":"2025-09-24T12:56:58.991Z"}
{"level":"info","message":"ðŸš€ Bot Factory Service initialized with 0 active bots","service":"telegram-ecommerce-backend","timestamp":"2025-09-24T12:56:58.991Z"}
{"adminIPWhitelist":false,"authRateLimitMax":100,"bruteForceProtection":true,"corsOrigins":["http://localhost:3000","http://localhost:3001","http://localhost:5173"],"environment":"development","jwtAccessExpiry":"15m","jwtRefreshExpiry":"7d","level":"info","message":"Security configuration loaded","rateLimitMax":1000,"redisEnabled":true,"requestSanitization":true,"securityHeaders":true,"service":"telegram-ecommerce-backend","timestamp":"2025-09-24T12:57:24.546Z"}
{"level":"info","message":"Email not configured - email notifications disabled (development mode)","service":"telegram-ecommerce-backend","timestamp":"2025-09-24T12:57:25.112Z"}
{"level":"info","message":"Admin Telegram bot not configured - admin notifications disabled (development mode)","service":"telegram-ecommerce-backend","timestamp":"2025-09-24T12:57:25.112Z"}
{"level":"info","message":"ðŸ¤– Initializing Bot Factory Service...","service":"telegram-ecommerce-backend","timestamp":"2025-09-24T12:57:25.808Z"}
{"level":"info","message":"Backup service initialized","service":"telegram-ecommerce-backend","timestamp":"2025-09-24T12:57:25.825Z"}
{"level":"info","message":"Found 0 active bots to restore","service":"telegram-ecommerce-backend","timestamp":"2025-09-24T12:57:25.827Z"}
{"level":"info","message":"ðŸš€ Bot Factory Service initialized with 0 active bots","service":"telegram-ecommerce-backend","timestamp":"2025-09-24T12:57:25.828Z"}
{"adminIPWhitelist":false,"authRateLimitMax":100,"bruteForceProtection":true,"corsOrigins":["http://localhost:3000","http://localhost:3001","http://localhost:5173"],"environment":"development","jwtAccessExpiry":"15m","jwtRefreshExpiry":"7d","level":"info","message":"Security configuration loaded","rateLimitMax":1000,"redisEnabled":true,"requestSanitization":true,"securityHeaders":true,"service":"telegram-ecommerce-backend","timestamp":"2025-09-24T14:54:59.909Z"}
{"level":"info","message":"Email not configured - email notifications disabled (development mode)","service":"telegram-ecommerce-backend","timestamp":"2025-09-24T14:55:00.621Z"}
{"level":"info","message":"Admin Telegram bot not configured - admin notifications disabled (development mode)","service":"telegram-ecommerce-backend","timestamp":"2025-09-24T14:55:00.622Z"}
{"level":"info","message":"ðŸ¤– Initializing Bot Factory Service...","service":"telegram-ecommerce-backend","timestamp":"2025-09-24T14:55:01.516Z"}
{"level":"info","message":"Backup service initialized","service":"telegram-ecommerce-backend","timestamp":"2025-09-24T14:55:04.930Z"}
{"level":"info","message":"Found 0 active bots to restore","service":"telegram-ecommerce-backend","timestamp":"2025-09-24T14:55:04.933Z"}
{"level":"info","message":"ðŸš€ Bot Factory Service initialized with 0 active bots","service":"telegram-ecommerce-backend","timestamp":"2025-09-24T14:55:04.933Z"}
{"level":"info","message":"Redis connected for JWT token management","service":"telegram-ecommerce-backend","timestamp":"2025-09-24T14:55:04.938Z"}
{"level":"info","message":"Redis connected for rate limiting","service":"telegram-ecommerce-backend","timestamp":"2025-09-24T14:55:04.938Z"}
{"level":"info","message":"âœ… AdminJS started on /admin with AUTHENTICATION ENABLED","service":"telegram-ecommerce-backend","timestamp":"2025-09-24T14:55:06.654Z"}
{"level":"warn","message":"âš ï¸  IMPORTANT: Set ADMIN_DEFAULT_PASSWORD, ADMIN_COOKIE_SECRET, ADMIN_SESSION_SECRET in environment","service":"telegram-ecommerce-backend","timestamp":"2025-09-24T14:55:06.654Z"}
{"adminIPWhitelist":false,"authRateLimitMax":100,"bruteForceProtection":true,"corsOrigins":["http://localhost:3000","http://localhost:3001","http://localhost:5173"],"environment":"development","jwtAccessExpiry":"15m","jwtRefreshExpiry":"7d","level":"info","message":"Security configuration loaded","rateLimitMax":1000,"redisEnabled":true,"requestSanitization":true,"securityHeaders":true,"service":"telegram-ecommerce-backend","timestamp":"2025-09-24T14:55:24.670Z"}
{"level":"info","message":"Email not configured - email notifications disabled (development mode)","service":"telegram-ecommerce-backend","timestamp":"2025-09-24T14:55:25.224Z"}
{"level":"info","message":"Admin Telegram bot not configured - admin notifications disabled (development mode)","service":"telegram-ecommerce-backend","timestamp":"2025-09-24T14:55:25.225Z"}
{"level":"info","message":"ðŸ¤– Initializing Bot Factory Service...","service":"telegram-ecommerce-backend","timestamp":"2025-09-24T14:55:25.941Z"}
{"level":"info","message":"Backup service initialized","service":"telegram-ecommerce-backend","timestamp":"2025-09-24T14:55:25.954Z"}
{"level":"info","message":"Found 0 active bots to restore","service":"telegram-ecommerce-backend","timestamp":"2025-09-24T14:55:25.958Z"}
{"level":"info","message":"ðŸš€ Bot Factory Service initialized with 0 active bots","service":"telegram-ecommerce-backend","timestamp":"2025-09-24T14:55:25.959Z"}
{"level":"info","message":"Redis connected for JWT token management","service":"telegram-ecommerce-backend","timestamp":"2025-09-24T14:55:25.961Z"}
{"level":"info","message":"Redis connected for rate limiting","service":"telegram-ecommerce-backend","timestamp":"2025-09-24T14:55:25.962Z"}
{"adminIPWhitelist":false,"authRateLimitMax":100,"bruteForceProtection":true,"corsOrigins":["http://localhost:3000","http://localhost:3001","http://localhost:5173"],"environment":"development","jwtAccessExpiry":"15m","jwtRefreshExpiry":"7d","level":"info","message":"Security configuration loaded","rateLimitMax":1000,"redisEnabled":true,"requestSanitization":true,"securityHeaders":true,"service":"telegram-ecommerce-backend","timestamp":"2025-09-24T14:57:10.571Z"}
{"level":"info","message":"Email not configured - email notifications disabled (development mode)","service":"telegram-ecommerce-backend","timestamp":"2025-09-24T14:57:11.136Z"}
{"level":"info","message":"Admin Telegram bot not configured - admin notifications disabled (development mode)","service":"telegram-ecommerce-backend","timestamp":"2025-09-24T14:57:11.136Z"}
{"level":"info","message":"ðŸ¤– Initializing Bot Factory Service...","service":"telegram-ecommerce-backend","timestamp":"2025-09-24T14:57:11.836Z"}
{"level":"info","message":"Backup service initialized","service":"telegram-ecommerce-backend","timestamp":"2025-09-24T14:57:11.849Z"}
{"level":"info","message":"Found 0 active bots to restore","service":"telegram-ecommerce-backend","timestamp":"2025-09-24T14:57:11.854Z"}
{"level":"info","message":"ðŸš€ Bot Factory Service initialized with 0 active bots","service":"telegram-ecommerce-backend","timestamp":"2025-09-24T14:57:11.854Z"}
{"level":"info","message":"Redis connected for JWT token management","service":"telegram-ecommerce-backend","timestamp":"2025-09-24T14:57:11.856Z"}
{"level":"info","message":"Redis connected for rate limiting","service":"telegram-ecommerce-backend","timestamp":"2025-09-24T14:57:11.857Z"}
{"level":"info","message":"âœ… AdminJS started on /admin with AUTHENTICATION ENABLED","service":"telegram-ecommerce-backend","timestamp":"2025-09-24T14:57:16.198Z"}
{"level":"warn","message":"âš ï¸  IMPORTANT: Set ADMIN_DEFAULT_PASSWORD, ADMIN_COOKIE_SECRET, ADMIN_SESSION_SECRET in environment","service":"telegram-ecommerce-backend","timestamp":"2025-09-24T14:57:16.198Z"}
{"adminIPWhitelist":false,"authRateLimitMax":100,"bruteForceProtection":true,"corsOrigins":["http://localhost:3000","http://localhost:3001","http://localhost:5173"],"environment":"development","jwtAccessExpiry":"15m","jwtRefreshExpiry":"7d","level":"info","message":"Security configuration loaded","rateLimitMax":1000,"redisEnabled":true,"requestSanitization":true,"securityHeaders":true,"service":"telegram-ecommerce-backend","timestamp":"2025-09-24T14:58:53.641Z"}
{"level":"info","message":"Email not configured - email notifications disabled (development mode)","service":"telegram-ecommerce-backend","timestamp":"2025-09-24T14:58:54.286Z"}
{"level":"info","message":"Admin Telegram bot not configured - admin notifications disabled (development mode)","service":"telegram-ecommerce-backend","timestamp":"2025-09-24T14:58:54.286Z"}
{"level":"info","message":"ðŸ¤– Initializing Bot Factory Service...","service":"telegram-ecommerce-backend","timestamp":"2025-09-24T14:58:55.114Z"}
{"level":"info","message":"Backup service initialized","service":"telegram-ecommerce-backend","timestamp":"2025-09-24T14:58:58.072Z"}
{"level":"info","message":"Found 0 active bots to restore","service":"telegram-ecommerce-backend","timestamp":"2025-09-24T14:58:58.079Z"}
{"level":"info","message":"ðŸš€ Bot Factory Service initialized with 0 active bots","service":"telegram-ecommerce-backend","timestamp":"2025-09-24T14:58:58.079Z"}
{"adminIPWhitelist":false,"authRateLimitMax":100,"bruteForceProtection":true,"corsOrigins":["http://localhost:3000","http://localhost:3001","http://localhost:5173"],"environment":"development","jwtAccessExpiry":"15m","jwtRefreshExpiry":"7d","level":"info","message":"Security configuration loaded","rateLimitMax":1000,"redisEnabled":true,"requestSanitization":true,"securityHeaders":true,"service":"telegram-ecommerce-backend","timestamp":"2025-09-24T15:02:11.618Z"}
{"level":"info","message":"Email not configured - email notifications disabled (development mode)","service":"telegram-ecommerce-backend","timestamp":"2025-09-24T15:02:12.153Z"}
{"level":"info","message":"Admin Telegram bot not configured - admin notifications disabled (development mode)","service":"telegram-ecommerce-backend","timestamp":"2025-09-24T15:02:12.153Z"}
{"level":"info","message":"ðŸ¤– Initializing Bot Factory Service...","service":"telegram-ecommerce-backend","timestamp":"2025-09-24T15:02:12.744Z"}
{"level":"info","message":"âœ… AdminJS started on /admin with AUTHENTICATION ENABLED","service":"telegram-ecommerce-backend","timestamp":"2025-09-24T15:02:15.100Z"}
{"level":"warn","message":"âš ï¸  IMPORTANT: Set ADMIN_DEFAULT_PASSWORD, ADMIN_COOKIE_SECRET, ADMIN_SESSION_SECRET in environment","service":"telegram-ecommerce-backend","timestamp":"2025-09-24T15:02:15.100Z"}
{"level":"info","message":"Backup service initialized","service":"telegram-ecommerce-backend","timestamp":"2025-09-24T15:02:15.113Z"}
{"level":"info","message":"Found 0 active bots to restore","service":"telegram-ecommerce-backend","timestamp":"2025-09-24T15:02:15.115Z"}
{"level":"info","message":"ðŸš€ Bot Factory Service initialized with 0 active bots","service":"telegram-ecommerce-backend","timestamp":"2025-09-24T15:02:15.115Z"}
{"level":"info","message":"Redis connected for rate limiting","service":"telegram-ecommerce-backend","timestamp":"2025-09-24T15:02:15.120Z"}
{"level":"info","message":"Redis connected for JWT token management","service":"telegram-ecommerce-backend","timestamp":"2025-09-24T15:02:15.121Z"}
{"level":"info","message":"âœ… Redis connected for secure authentication","service":"telegram-ecommerce-backend","timestamp":"2025-09-24T16:29:04.969Z"}
{"level":"info","message":"âœ… Redis connected for secure authentication","service":"telegram-ecommerce-backend","timestamp":"2025-09-24T16:29:34.001Z"}
{"level":"info","message":"âœ… Redis connected for secure authentication","service":"telegram-ecommerce-backend","timestamp":"2025-09-24T16:29:56.149Z"}
{"level":"info","message":"âœ… Redis connected for secure authentication","service":"telegram-ecommerce-backend","timestamp":"2025-09-24T16:30:28.119Z"}
{"level":"info","message":"Email not configured - email notifications disabled (development mode)","service":"telegram-ecommerce-backend","timestamp":"2025-09-24T16:30:30.308Z"}
