{"isProduction":false,"level":"info","message":"Initializing Telegram Bot","port":"3003","service":"telegram-bot","timestamp":"2025-10-07T19:46:51.038Z","useWebhook":false}
{"level":"warn","message":"Redis unavailable for bot sessions (using in-memory mode). To enable Redis, start Docker: docker-compose up -d redis","service":"telegram-bot","timestamp":"2025-10-07T19:46:51.970Z"}
{"level":"warn","message":"Redis reconnection failed after 3 attempts, using in-memory fallback","service":"telegram-bot","timestamp":"2025-10-07T19:46:52.615Z"}
{"level":"warn","message":"Failed to initialize bot Redis session store, using in-memory fallback","service":"telegram-bot","timestamp":"2025-10-07T19:46:52.615Z"}
{"code":"ECONNREFUSED","level":"warn","message":"Redis session store initialization failed, using in-memory fallback:","service":"telegram-bot","stack":"AggregateError\n    at internalConnectMultiple (node:net:1134:18)\n    at afterConnectMultiple (node:net:1715:7)","timestamp":"2025-10-07T19:46:52.616Z"}
{"level":"info","message":"Bot will continue without Redis (development mode)","service":"telegram-bot","timestamp":"2025-10-07T19:46:52.616Z"}
{"level":"info","message":"CMS initialized at http://localhost:9000","service":"telegram-bot","timestamp":"2025-10-07T19:46:52.616Z"}
{"level":"info","message":"✅ Bot handlers configured","service":"telegram-bot","timestamp":"2025-10-07T19:46:52.617Z"}
{"level":"info","message":"🤖 Bot running in polling mode with enhanced security","service":"telegram-bot","timestamp":"2025-10-07T19:46:52.621Z"}
{"level":"info","message":"🚀 Telegram bot started successfully with enhanced security","service":"telegram-bot","timestamp":"2025-10-07T19:46:52.622Z"}
{"level":"info","message":"🤖 Bot API server running on port 3003 (polling mode with security)","service":"telegram-bot","timestamp":"2025-10-07T19:46:52.622Z"}
{"error":"ETELEGRAM: 409 Conflict: terminated by other getUpdates request; make sure that only one bot instance is running","level":"error","message":"Polling error:","service":"telegram-bot","timestamp":"2025-10-07T19:46:59.362Z"}
{"error":"ETELEGRAM: 409 Conflict: terminated by other getUpdates request; make sure that only one bot instance is running","level":"error","message":"Polling error:","service":"telegram-bot","timestamp":"2025-10-07T19:47:10.917Z"}
{"error":"ETELEGRAM: 409 Conflict: terminated by other getUpdates request; make sure that only one bot instance is running","level":"error","message":"Polling error:","service":"telegram-bot","timestamp":"2025-10-07T19:47:12.254Z"}
{"error":"ETELEGRAM: 409 Conflict: terminated by other getUpdates request; make sure that only one bot instance is running","level":"error","message":"Polling error:","service":"telegram-bot","timestamp":"2025-10-07T19:47:17.492Z"}
{"error":"ETELEGRAM: 409 Conflict: terminated by other getUpdates request; make sure that only one bot instance is running","level":"error","message":"Polling error:","service":"telegram-bot","timestamp":"2025-10-07T19:47:22.407Z"}
{"error":"ETELEGRAM: 409 Conflict: terminated by other getUpdates request; make sure that only one bot instance is running","level":"error","message":"Polling error:","service":"telegram-bot","timestamp":"2025-10-07T19:47:23.963Z"}
{"error":"ETELEGRAM: 409 Conflict: terminated by other getUpdates request; make sure that only one bot instance is running","level":"error","message":"Polling error:","service":"telegram-bot","timestamp":"2025-10-07T19:47:24.762Z"}
{"error":"ETELEGRAM: 409 Conflict: terminated by other getUpdates request; make sure that only one bot instance is running","level":"error","message":"Polling error:","service":"telegram-bot","timestamp":"2025-10-07T19:47:28.780Z"}
{"error":"ETELEGRAM: 409 Conflict: terminated by other getUpdates request; make sure that only one bot instance is running","level":"error","message":"Polling error:","service":"telegram-bot","timestamp":"2025-10-07T19:47:30.351Z"}
{"error":"ETELEGRAM: 409 Conflict: terminated by other getUpdates request; make sure that only one bot instance is running","level":"error","message":"Polling error:","service":"telegram-bot","timestamp":"2025-10-07T19:47:30.538Z"}
{"error":"ETELEGRAM: 409 Conflict: terminated by other getUpdates request; make sure that only one bot instance is running","level":"error","message":"Polling error:","service":"telegram-bot","timestamp":"2025-10-07T19:47:33.854Z"}
{"error":"ETELEGRAM: 409 Conflict: terminated by other getUpdates request; make sure that only one bot instance is running","level":"error","message":"Polling error:","service":"telegram-bot","timestamp":"2025-10-07T19:47:34.331Z"}
{"error":"ETELEGRAM: 409 Conflict: terminated by other getUpdates request; make sure that only one bot instance is running","level":"error","message":"Polling error:","service":"telegram-bot","timestamp":"2025-10-07T19:47:35.348Z"}
{"error":"ETELEGRAM: 409 Conflict: terminated by other getUpdates request; make sure that only one bot instance is running","level":"error","message":"Polling error:","service":"telegram-bot","timestamp":"2025-10-07T19:47:37.015Z"}
{"error":"ETELEGRAM: 409 Conflict: terminated by other getUpdates request; make sure that only one bot instance is running","level":"error","message":"Polling error:","service":"telegram-bot","timestamp":"2025-10-07T19:47:37.336Z"}
{"error":"ETELEGRAM: 409 Conflict: terminated by other getUpdates request; make sure that only one bot instance is running","level":"error","message":"Polling error:","service":"telegram-bot","timestamp":"2025-10-07T19:47:37.681Z"}
{"error":"ETELEGRAM: 409 Conflict: terminated by other getUpdates request; make sure that only one bot instance is running","level":"error","message":"Polling error:","service":"telegram-bot","timestamp":"2025-10-07T19:47:40.364Z"}
{"error":"ETELEGRAM: 409 Conflict: terminated by other getUpdates request; make sure that only one bot instance is running","level":"error","message":"Polling error:","service":"telegram-bot","timestamp":"2025-10-07T19:47:40.439Z"}
{"error":"ETELEGRAM: 409 Conflict: terminated by other getUpdates request; make sure that only one bot instance is running","level":"error","message":"Polling error:","service":"telegram-bot","timestamp":"2025-10-07T19:47:40.703Z"}
{"error":"ETELEGRAM: 409 Conflict: terminated by other getUpdates request; make sure that only one bot instance is running","level":"error","message":"Polling error:","service":"telegram-bot","timestamp":"2025-10-07T19:47:43.086Z"}
{"error":"ETELEGRAM: 409 Conflict: terminated by other getUpdates request; make sure that only one bot instance is running","level":"error","message":"Polling error:","service":"telegram-bot","timestamp":"2025-10-07T19:47:43.618Z"}
{"error":"ETELEGRAM: 409 Conflict: terminated by other getUpdates request; make sure that only one bot instance is running","level":"error","message":"Polling error:","service":"telegram-bot","timestamp":"2025-10-07T19:47:44.037Z"}
{"error":"ETELEGRAM: 409 Conflict: terminated by other getUpdates request; make sure that only one bot instance is running","level":"error","message":"Polling error:","service":"telegram-bot","timestamp":"2025-10-07T19:47:46.402Z"}
{"error":"ETELEGRAM: 409 Conflict: terminated by other getUpdates request; make sure that only one bot instance is running","level":"error","message":"Polling error:","service":"telegram-bot","timestamp":"2025-10-07T19:47:46.647Z"}
{"error":"ETELEGRAM: 409 Conflict: terminated by other getUpdates request; make sure that only one bot instance is running","level":"error","message":"Polling error:","service":"telegram-bot","timestamp":"2025-10-07T19:47:46.767Z"}
{"error":"ETELEGRAM: 409 Conflict: terminated by other getUpdates request; make sure that only one bot instance is running","level":"error","message":"Polling error:","service":"telegram-bot","timestamp":"2025-10-07T19:47:46.884Z"}
{"error":"ETELEGRAM: 409 Conflict: terminated by other getUpdates request; make sure that only one bot instance is running","level":"error","message":"Polling error:","service":"telegram-bot","timestamp":"2025-10-07T19:47:46.924Z"}
{"error":"ETELEGRAM: 409 Conflict: terminated by other getUpdates request; make sure that only one bot instance is running","level":"error","message":"Polling error:","service":"telegram-bot","timestamp":"2025-10-07T19:47:46.993Z"}
{"error":"ETELEGRAM: 409 Conflict: terminated by other getUpdates request; make sure that only one bot instance is running","level":"error","message":"Polling error:","service":"telegram-bot","timestamp":"2025-10-07T19:47:47.144Z"}
{"error":"ETELEGRAM: 409 Conflict: terminated by other getUpdates request; make sure that only one bot instance is running","level":"error","message":"Polling error:","service":"telegram-bot","timestamp":"2025-10-07T19:47:49.653Z"}
{"error":"ETELEGRAM: 409 Conflict: terminated by other getUpdates request; make sure that only one bot instance is running","level":"error","message":"Polling error:","service":"telegram-bot","timestamp":"2025-10-07T19:47:49.905Z"}
{"error":"ETELEGRAM: 409 Conflict: terminated by other getUpdates request; make sure that only one bot instance is running","level":"error","message":"Polling error:","service":"telegram-bot","timestamp":"2025-10-07T19:47:50.094Z"}
{"error":"ETELEGRAM: 409 Conflict: terminated by other getUpdates request; make sure that only one bot instance is running","level":"error","message":"Polling error:","service":"telegram-bot","timestamp":"2025-10-07T19:47:50.231Z"}
{"error":"ETELEGRAM: 409 Conflict: terminated by other getUpdates request; make sure that only one bot instance is running","level":"error","message":"Polling error:","service":"telegram-bot","timestamp":"2025-10-07T19:47:50.458Z"}
{"error":"ETELEGRAM: 409 Conflict: terminated by other getUpdates request; make sure that only one bot instance is running","level":"error","message":"Polling error:","service":"telegram-bot","timestamp":"2025-10-07T19:47:52.120Z"}
{"error":"ETELEGRAM: 409 Conflict: terminated by other getUpdates request; make sure that only one bot instance is running","level":"error","message":"Polling error:","service":"telegram-bot","timestamp":"2025-10-07T19:47:52.423Z"}
{"error":"ETELEGRAM: 409 Conflict: terminated by other getUpdates request; make sure that only one bot instance is running","level":"error","message":"Polling error:","service":"telegram-bot","timestamp":"2025-10-07T19:47:52.989Z"}
{"error":"ETELEGRAM: 409 Conflict: terminated by other getUpdates request; make sure that only one bot instance is running","level":"error","message":"Polling error:","service":"telegram-bot","timestamp":"2025-10-07T19:47:53.251Z"}
{"error":"ETELEGRAM: 409 Conflict: terminated by other getUpdates request; make sure that only one bot instance is running","level":"error","message":"Polling error:","service":"telegram-bot","timestamp":"2025-10-07T19:47:53.328Z"}
{"error":"ETELEGRAM: 409 Conflict: terminated by other getUpdates request; make sure that only one bot instance is running","level":"error","message":"Polling error:","service":"telegram-bot","timestamp":"2025-10-07T19:47:53.503Z"}
{"error":"ETELEGRAM: 409 Conflict: terminated by other getUpdates request; make sure that only one bot instance is running","level":"error","message":"Polling error:","service":"telegram-bot","timestamp":"2025-10-07T19:47:53.537Z"}
{"error":"ETELEGRAM: 409 Conflict: terminated by other getUpdates request; make sure that only one bot instance is running","level":"error","message":"Polling error:","service":"telegram-bot","timestamp":"2025-10-07T19:47:53.614Z"}
{"error":"ETELEGRAM: 409 Conflict: terminated by other getUpdates request; make sure that only one bot instance is running","level":"error","message":"Polling error:","service":"telegram-bot","timestamp":"2025-10-07T19:47:54.543Z"}
{"error":"ETELEGRAM: 409 Conflict: terminated by other getUpdates request; make sure that only one bot instance is running","level":"error","message":"Polling error:","service":"telegram-bot","timestamp":"2025-10-07T19:47:55.024Z"}
{"error":"ETELEGRAM: 409 Conflict: terminated by other getUpdates request; make sure that only one bot instance is running","level":"error","message":"Polling error:","service":"telegram-bot","timestamp":"2025-10-07T19:47:55.690Z"}
{"error":"ETELEGRAM: 409 Conflict: terminated by other getUpdates request; make sure that only one bot instance is running","level":"error","message":"Polling error:","service":"telegram-bot","timestamp":"2025-10-07T19:47:56.213Z"}
{"error":"ETELEGRAM: 409 Conflict: terminated by other getUpdates request; make sure that only one bot instance is running","level":"error","message":"Polling error:","service":"telegram-bot","timestamp":"2025-10-07T19:47:56.428Z"}
{"error":"ETELEGRAM: 409 Conflict: terminated by other getUpdates request; make sure that only one bot instance is running","level":"error","message":"Polling error:","service":"telegram-bot","timestamp":"2025-10-07T19:47:56.445Z"}
{"error":"ETELEGRAM: 409 Conflict: terminated by other getUpdates request; make sure that only one bot instance is running","level":"error","message":"Polling error:","service":"telegram-bot","timestamp":"2025-10-07T19:47:56.634Z"}
{"error":"ETELEGRAM: 409 Conflict: terminated by other getUpdates request; make sure that only one bot instance is running","level":"error","message":"Polling error:","service":"telegram-bot","timestamp":"2025-10-07T19:47:56.784Z"}
{"error":"ETELEGRAM: 409 Conflict: terminated by other getUpdates request; make sure that only one bot instance is running","level":"error","message":"Polling error:","service":"telegram-bot","timestamp":"2025-10-07T19:47:56.889Z"}
{"error":"ETELEGRAM: 409 Conflict: terminated by other getUpdates request; make sure that only one bot instance is running","level":"error","message":"Polling error:","service":"telegram-bot","timestamp":"2025-10-07T19:47:58.380Z"}
{"error":"ETELEGRAM: 409 Conflict: terminated by other getUpdates request; make sure that only one bot instance is running","level":"error","message":"Polling error:","service":"telegram-bot","timestamp":"2025-10-07T19:47:58.837Z"}
{"error":"ETELEGRAM: 409 Conflict: terminated by other getUpdates request; make sure that only one bot instance is running","level":"error","message":"Polling error:","service":"telegram-bot","timestamp":"2025-10-07T19:47:59.596Z"}
{"error":"ETELEGRAM: 409 Conflict: terminated by other getUpdates request; make sure that only one bot instance is running","level":"error","message":"Polling error:","service":"telegram-bot","timestamp":"2025-10-07T19:47:59.878Z"}
{"error":"ETELEGRAM: 409 Conflict: terminated by other getUpdates request; make sure that only one bot instance is running","level":"error","message":"Polling error:","service":"telegram-bot","timestamp":"2025-10-07T19:47:59.990Z"}
{"error":"ETELEGRAM: 409 Conflict: terminated by other getUpdates request; make sure that only one bot instance is running","level":"error","message":"Polling error:","service":"telegram-bot","timestamp":"2025-10-07T19:48:00.064Z"}
{"error":"ETELEGRAM: 409 Conflict: terminated by other getUpdates request; make sure that only one bot instance is running","level":"error","message":"Polling error:","service":"telegram-bot","timestamp":"2025-10-07T19:48:00.147Z"}
{"error":"ETELEGRAM: 409 Conflict: terminated by other getUpdates request; make sure that only one bot instance is running","level":"error","message":"Polling error:","service":"telegram-bot","timestamp":"2025-10-07T19:48:00.182Z"}
{"error":"ETELEGRAM: 409 Conflict: terminated by other getUpdates request; make sure that only one bot instance is running","level":"error","message":"Polling error:","service":"telegram-bot","timestamp":"2025-10-07T19:48:01.396Z"}
